<?xml version="1.0" encoding="UTF-8"?>
<coverage generated="1751136547021" clover="3.2.0">
  <project timestamp="1751136547021" name="All files">
    <metrics statements="677" coveredstatements="619" conditionals="66" coveredconditionals="59" methods="24" coveredmethods="24" elements="767" coveredelements="702" complexity="0" loc="677" ncloc="677" packages="4" files="11" classes="11"/>
    <package name="src">
      <metrics statements="28" coveredstatements="0" conditionals="1" coveredconditionals="1" methods="1" coveredmethods="1"/>
      <file name="main.tsx" path="/home/ngmh/scheds-frontend/src/main.tsx">
        <metrics statements="28" coveredstatements="0" conditionals="1" coveredconditionals="1" methods="1" coveredmethods="1"/>
        <line num="2" count="0" type="stmt"/>
        <line num="3" count="0" type="stmt"/>
        <line num="5" count="0" type="stmt"/>
        <line num="7" count="0" type="stmt"/>
        <line num="8" count="0" type="stmt"/>
        <line num="9" count="0" type="stmt"/>
        <line num="10" count="0" type="stmt"/>
        <line num="12" count="0" type="stmt"/>
        <line num="13" count="0" type="stmt"/>
        <line num="14" count="0" type="stmt"/>
        <line num="15" count="0" type="stmt"/>
        <line num="16" count="0" type="stmt"/>
        <line num="17" count="0" type="stmt"/>
        <line num="18" count="0" type="stmt"/>
        <line num="19" count="0" type="stmt"/>
        <line num="20" count="0" type="stmt"/>
        <line num="21" count="0" type="stmt"/>
        <line num="22" count="0" type="stmt"/>
        <line num="23" count="0" type="stmt"/>
        <line num="24" count="0" type="stmt"/>
        <line num="25" count="0" type="stmt"/>
        <line num="26" count="0" type="stmt"/>
        <line num="27" count="0" type="stmt"/>
        <line num="28" count="0" type="stmt"/>
        <line num="29" count="0" type="stmt"/>
        <line num="31" count="0" type="stmt"/>
        <line num="34" count="0" type="stmt"/>
        <line num="36" count="0" type="stmt"/>
      </file>
    </package>
    <package name="src.routes">
      <metrics statements="453" coveredstatements="423" conditionals="41" coveredconditionals="34" methods="15" coveredmethods="15"/>
      <file name="Login.tsx" path="/home/ngmh/scheds-frontend/src/routes/Login.tsx">
        <metrics statements="78" coveredstatements="78" conditionals="5" coveredconditionals="5" methods="3" coveredmethods="3"/>
        <line num="1" count="1" type="stmt"/>
        <line num="2" count="1" type="stmt"/>
        <line num="3" count="1" type="stmt"/>
        <line num="4" count="1" type="stmt"/>
        <line num="5" count="1" type="stmt"/>
        <line num="6" count="1" type="stmt"/>
        <line num="8" count="1" type="cond" truecount="1" falsecount="0"/>
        <line num="9" count="58" type="stmt"/>
        <line num="11" count="58" type="stmt"/>
        <line num="12" count="58" type="stmt"/>
        <line num="13" count="58" type="stmt"/>
        <line num="14" count="58" type="stmt"/>
        <line num="15" count="58" type="stmt"/>
        <line num="17" count="58" type="cond" truecount="1" falsecount="0"/>
        <line num="18" count="52" type="stmt"/>
        <line num="19" count="52" type="stmt"/>
        <line num="21" count="58" type="cond" truecount="1" falsecount="0"/>
        <line num="22" count="2" type="stmt"/>
        <line num="23" count="2" type="stmt"/>
        <line num="25" count="2" type="stmt"/>
        <line num="26" count="2" type="cond" truecount="1" falsecount="0"/>
        <line num="27" count="1" type="stmt"/>
        <line num="28" count="1" type="stmt"/>
        <line num="29" count="1" type="stmt"/>
        <line num="30" count="1" type="stmt"/>
        <line num="31" count="1" type="stmt"/>
        <line num="32" count="2" type="stmt"/>
        <line num="34" count="58" type="stmt"/>
        <line num="35" count="58" type="stmt"/>
        <line num="36" count="58" type="stmt"/>
        <line num="37" count="58" type="stmt"/>
        <line num="38" count="58" type="stmt"/>
        <line num="39" count="58" type="stmt"/>
        <line num="41" count="58" type="stmt"/>
        <line num="42" count="58" type="stmt"/>
        <line num="43" count="58" type="stmt"/>
        <line num="44" count="58" type="stmt"/>
        <line num="45" count="58" type="stmt"/>
        <line num="46" count="58" type="stmt"/>
        <line num="47" count="58" type="stmt"/>
        <line num="48" count="58" type="stmt"/>
        <line num="49" count="58" type="stmt"/>
        <line num="50" count="58" type="stmt"/>
        <line num="51" count="58" type="stmt"/>
        <line num="52" count="58" type="stmt"/>
        <line num="53" count="58" type="stmt"/>
        <line num="54" count="58" type="stmt"/>
        <line num="55" count="58" type="stmt"/>
        <line num="56" count="58" type="stmt"/>
        <line num="58" count="58" type="stmt"/>
        <line num="59" count="58" type="stmt"/>
        <line num="60" count="58" type="stmt"/>
        <line num="61" count="58" type="stmt"/>
        <line num="62" count="58" type="stmt"/>
        <line num="63" count="58" type="stmt"/>
        <line num="64" count="58" type="stmt"/>
        <line num="65" count="58" type="stmt"/>
        <line num="66" count="58" type="stmt"/>
        <line num="67" count="58" type="stmt"/>
        <line num="68" count="58" type="stmt"/>
        <line num="69" count="58" type="stmt"/>
        <line num="70" count="58" type="stmt"/>
        <line num="71" count="58" type="stmt"/>
        <line num="73" count="58" type="stmt"/>
        <line num="75" count="58" type="stmt"/>
        <line num="76" count="58" type="cond" truecount="1" falsecount="0"/>
        <line num="77" count="1" type="stmt"/>
        <line num="78" count="1" type="stmt"/>
        <line num="79" count="1" type="stmt"/>
        <line num="80" count="1" type="stmt"/>
        <line num="81" count="1" type="stmt"/>
        <line num="82" count="1" type="stmt"/>
        <line num="84" count="58" type="stmt"/>
        <line num="85" count="58" type="stmt"/>
        <line num="86" count="58" type="stmt"/>
        <line num="87" count="58" type="stmt"/>
        <line num="89" count="58" type="stmt"/>
        <line num="91" count="1" type="stmt"/>
      </file>
      <file name="Root.tsx" path="/home/ngmh/scheds-frontend/src/routes/Root.tsx">
        <metrics statements="63" coveredstatements="52" conditionals="5" coveredconditionals="2" methods="1" coveredmethods="1"/>
        <line num="1" count="1" type="stmt"/>
        <line num="2" count="1" type="stmt"/>
        <line num="3" count="1" type="stmt"/>
        <line num="4" count="1" type="stmt"/>
        <line num="5" count="1" type="stmt"/>
        <line num="7" count="1" type="cond" truecount="1" falsecount="0"/>
        <line num="8" count="4" type="stmt"/>
        <line num="10" count="4" type="stmt"/>
        <line num="12" count="4" type="cond" truecount="1" falsecount="0"/>
        <line num="13" count="4" type="cond" truecount="0" falsecount="2"/>
        <line num="14" count="0" type="stmt"/>
        <line num="15" count="0" type="stmt"/>
        <line num="16" count="0" type="stmt"/>
        <line num="17" count="4" type="stmt"/>
        <line num="19" count="4" type="stmt"/>
        <line num="20" count="4" type="stmt"/>
        <line num="21" count="4" type="stmt"/>
        <line num="22" count="4" type="cond" truecount="0" falsecount="1"/>
        <line num="23" count="0" type="stmt"/>
        <line num="24" count="0" type="stmt"/>
        <line num="25" count="0" type="stmt"/>
        <line num="26" count="0" type="stmt"/>
        <line num="27" count="0" type="stmt"/>
        <line num="28" count="0" type="stmt"/>
        <line num="29" count="0" type="stmt"/>
        <line num="30" count="0" type="stmt"/>
        <line num="32" count="4" type="stmt"/>
        <line num="33" count="4" type="stmt"/>
        <line num="34" count="4" type="stmt"/>
        <line num="35" count="4" type="stmt"/>
        <line num="36" count="4" type="stmt"/>
        <line num="37" count="4" type="stmt"/>
        <line num="38" count="4" type="stmt"/>
        <line num="39" count="4" type="stmt"/>
        <line num="40" count="4" type="stmt"/>
        <line num="42" count="4" type="stmt"/>
        <line num="43" count="4" type="stmt"/>
        <line num="44" count="4" type="stmt"/>
        <line num="45" count="4" type="stmt"/>
        <line num="46" count="4" type="stmt"/>
        <line num="47" count="4" type="stmt"/>
        <line num="48" count="4" type="stmt"/>
        <line num="49" count="4" type="stmt"/>
        <line num="50" count="4" type="stmt"/>
        <line num="51" count="4" type="stmt"/>
        <line num="52" count="4" type="stmt"/>
        <line num="53" count="4" type="stmt"/>
        <line num="54" count="4" type="stmt"/>
        <line num="55" count="4" type="stmt"/>
        <line num="56" count="4" type="stmt"/>
        <line num="57" count="4" type="stmt"/>
        <line num="58" count="4" type="stmt"/>
        <line num="59" count="4" type="stmt"/>
        <line num="60" count="4" type="stmt"/>
        <line num="61" count="4" type="stmt"/>
        <line num="62" count="4" type="stmt"/>
        <line num="63" count="4" type="stmt"/>
        <line num="64" count="4" type="stmt"/>
        <line num="65" count="4" type="stmt"/>
        <line num="66" count="4" type="stmt"/>
        <line num="67" count="4" type="stmt"/>
        <line num="69" count="4" type="stmt"/>
        <line num="71" count="1" type="stmt"/>
      </file>
      <file name="Schedule.tsx" path="/home/ngmh/scheds-frontend/src/routes/Schedule.tsx">
        <metrics statements="209" coveredstatements="190" conditionals="21" coveredconditionals="17" methods="5" coveredmethods="5"/>
        <line num="1" count="1" type="stmt"/>
        <line num="2" count="1" type="stmt"/>
        <line num="3" count="1" type="stmt"/>
        <line num="4" count="1" type="stmt"/>
        <line num="5" count="1" type="stmt"/>
        <line num="8" count="1" type="stmt"/>
        <line num="9" count="1" type="stmt"/>
        <line num="10" count="1" type="stmt"/>
        <line num="11" count="1" type="stmt"/>
        <line num="12" count="1" type="stmt"/>
        <line num="13" count="1" type="stmt"/>
        <line num="14" count="1" type="stmt"/>
        <line num="16" count="1" type="stmt"/>
        <line num="17" count="1" type="stmt"/>
        <line num="18" count="1" type="stmt"/>
        <line num="20" count="1" type="stmt"/>
        <line num="21" count="1" type="stmt"/>
        <line num="22" count="1" type="stmt"/>
        <line num="23" count="1" type="stmt"/>
        <line num="24" count="1" type="stmt"/>
        <line num="25" count="1" type="stmt"/>
        <line num="26" count="1" type="stmt"/>
        <line num="43" count="1" type="stmt"/>
        <line num="45" count="1" type="cond" truecount="1" falsecount="0"/>
        <line num="46" count="335" type="stmt"/>
        <line num="47" count="335" type="stmt"/>
        <line num="49" count="335" type="stmt"/>
        <line num="50" count="335" type="stmt"/>
        <line num="51" count="335" type="stmt"/>
        <line num="52" count="335" type="stmt"/>
        <line num="53" count="335" type="stmt"/>
        <line num="54" count="335" type="stmt"/>
        <line num="55" count="335" type="stmt"/>
        <line num="56" count="335" type="stmt"/>
        <line num="57" count="335" type="stmt"/>
        <line num="58" count="335" type="stmt"/>
        <line num="60" count="335" type="cond" truecount="1" falsecount="0"/>
        <line num="61" count="6" type="cond" truecount="0" falsecount="2"/>
        <line num="62" count="0" type="stmt"/>
        <line num="63" count="0" type="stmt"/>
        <line num="64" count="0" type="stmt"/>
        <line num="65" count="0" type="stmt"/>
        <line num="66" count="0" type="stmt"/>
        <line num="67" count="0" type="stmt"/>
        <line num="68" count="0" type="stmt"/>
        <line num="69" count="0" type="stmt"/>
        <line num="70" count="0" type="stmt"/>
        <line num="71" count="0" type="stmt"/>
        <line num="72" count="335" type="stmt"/>
        <line num="74" count="335" type="cond" truecount="1" falsecount="0"/>
        <line num="75" count="6" type="stmt"/>
        <line num="76" count="6" type="stmt"/>
        <line num="77" count="6" type="stmt"/>
        <line num="78" count="6" type="cond" truecount="1" falsecount="0"/>
        <line num="79" count="1" type="stmt"/>
        <line num="80" count="6" type="cond" truecount="1" falsecount="0"/>
        <line num="81" count="5" type="cond" truecount="1" falsecount="0"/>
        <line num="82" count="1" type="stmt"/>
        <line num="83" count="1" type="stmt"/>
        <line num="84" count="1" type="stmt"/>
        <line num="85" count="1" type="stmt"/>
        <line num="86" count="5" type="stmt"/>
        <line num="87" count="5" type="stmt"/>
        <line num="88" count="5" type="stmt"/>
        <line num="89" count="5" type="stmt"/>
        <line num="90" count="6" type="stmt"/>
        <line num="92" count="335" type="cond" truecount="1" falsecount="0"/>
        <line num="93" count="6" type="stmt"/>
        <line num="94" count="335" type="stmt"/>
        <line num="96" count="335" type="cond" truecount="1" falsecount="0"/>
        <line num="97" count="6" type="stmt"/>
        <line num="98" count="6" type="stmt"/>
        <line num="99" count="6" type="stmt"/>
        <line num="101" count="335" type="cond" truecount="1" falsecount="0"/>
        <line num="102" count="314" type="stmt"/>
        <line num="103" count="314" type="stmt"/>
        <line num="105" count="335" type="cond" truecount="1" falsecount="0"/>
        <line num="106" count="3" type="stmt"/>
        <line num="107" count="3" type="stmt"/>
        <line num="109" count="3" type="stmt"/>
        <line num="110" count="3" type="stmt"/>
        <line num="111" count="3" type="stmt"/>
        <line num="113" count="3" type="stmt"/>
        <line num="114" count="3" type="stmt"/>
        <line num="116" count="3" type="cond" truecount="1" falsecount="0"/>
        <line num="117" count="1" type="stmt"/>
        <line num="118" count="1" type="stmt"/>
        <line num="119" count="1" type="cond" truecount="1" falsecount="0"/>
        <line num="121" count="3" type="cond" truecount="1" falsecount="0"/>
        <line num="122" count="1" type="stmt"/>
        <line num="123" count="1" type="stmt"/>
        <line num="124" count="1" type="stmt"/>
        <line num="126" count="1" type="stmt"/>
        <line num="128" count="1" type="stmt"/>
        <line num="129" count="1" type="stmt"/>
        <line num="130" count="3" type="cond" truecount="0" falsecount="1"/>
        <line num="131" count="0" type="stmt"/>
        <line num="132" count="3" type="cond" truecount="1" falsecount="0"/>
        <line num="133" count="1" type="stmt"/>
        <line num="134" count="1" type="stmt"/>
        <line num="135" count="3" type="stmt"/>
        <line num="137" count="335" type="stmt"/>
        <line num="138" count="335" type="stmt"/>
        <line num="139" count="335" type="stmt"/>
        <line num="140" count="335" type="cond" truecount="0" falsecount="1"/>
        <line num="141" count="0" type="stmt"/>
        <line num="142" count="0" type="stmt"/>
        <line num="143" count="0" type="stmt"/>
        <line num="144" count="0" type="stmt"/>
        <line num="145" count="0" type="stmt"/>
        <line num="146" count="0" type="stmt"/>
        <line num="147" count="0" type="stmt"/>
        <line num="148" count="0" type="stmt"/>
        <line num="150" count="335" type="stmt"/>
        <line num="151" count="335" type="stmt"/>
        <line num="152" count="335" type="stmt"/>
        <line num="153" count="335" type="stmt"/>
        <line num="154" count="335" type="stmt"/>
        <line num="155" count="335" type="cond" truecount="1" falsecount="0"/>
        <line num="156" count="7" type="stmt"/>
        <line num="158" count="335" type="cond" truecount="1" falsecount="0"/>
        <line num="159" count="328" type="stmt"/>
        <line num="172" count="328" type="stmt"/>
        <line num="173" count="328" type="stmt"/>
        <line num="174" count="328" type="stmt"/>
        <line num="175" count="328" type="stmt"/>
        <line num="176" count="328" type="stmt"/>
        <line num="177" count="328" type="stmt"/>
        <line num="178" count="328" type="stmt"/>
        <line num="179" count="328" type="stmt"/>
        <line num="180" count="328" type="stmt"/>
        <line num="181" count="328" type="stmt"/>
        <line num="183" count="335" type="stmt"/>
        <line num="184" count="335" type="stmt"/>
        <line num="185" count="335" type="stmt"/>
        <line num="186" count="335" type="stmt"/>
        <line num="187" count="335" type="stmt"/>
        <line num="188" count="335" type="stmt"/>
        <line num="189" count="335" type="stmt"/>
        <line num="190" count="335" type="stmt"/>
        <line num="191" count="335" type="stmt"/>
        <line num="192" count="335" type="stmt"/>
        <line num="193" count="335" type="stmt"/>
        <line num="194" count="335" type="stmt"/>
        <line num="195" count="335" type="stmt"/>
        <line num="196" count="335" type="stmt"/>
        <line num="197" count="335" type="stmt"/>
        <line num="198" count="335" type="stmt"/>
        <line num="199" count="335" type="stmt"/>
        <line num="200" count="335" type="stmt"/>
        <line num="201" count="335" type="stmt"/>
        <line num="202" count="335" type="stmt"/>
        <line num="204" count="335" type="stmt"/>
        <line num="205" count="335" type="stmt"/>
        <line num="206" count="335" type="stmt"/>
        <line num="207" count="335" type="stmt"/>
        <line num="208" count="335" type="stmt"/>
        <line num="209" count="335" type="stmt"/>
        <line num="210" count="335" type="stmt"/>
        <line num="211" count="335" type="stmt"/>
        <line num="212" count="335" type="stmt"/>
        <line num="213" count="335" type="stmt"/>
        <line num="214" count="335" type="stmt"/>
        <line num="215" count="335" type="stmt"/>
        <line num="216" count="335" type="stmt"/>
        <line num="217" count="335" type="stmt"/>
        <line num="219" count="335" type="stmt"/>
        <line num="220" count="335" type="stmt"/>
        <line num="221" count="335" type="stmt"/>
        <line num="222" count="335" type="stmt"/>
        <line num="223" count="335" type="stmt"/>
        <line num="224" count="335" type="stmt"/>
        <line num="225" count="335" type="stmt"/>
        <line num="226" count="335" type="stmt"/>
        <line num="227" count="335" type="stmt"/>
        <line num="228" count="335" type="stmt"/>
        <line num="229" count="335" type="stmt"/>
        <line num="230" count="335" type="stmt"/>
        <line num="231" count="335" type="stmt"/>
        <line num="232" count="335" type="stmt"/>
        <line num="234" count="335" type="stmt"/>
        <line num="235" count="335" type="stmt"/>
        <line num="236" count="335" type="stmt"/>
        <line num="237" count="335" type="stmt"/>
        <line num="238" count="335" type="stmt"/>
        <line num="239" count="335" type="stmt"/>
        <line num="240" count="335" type="stmt"/>
        <line num="241" count="335" type="stmt"/>
        <line num="242" count="335" type="stmt"/>
        <line num="243" count="335" type="stmt"/>
        <line num="244" count="335" type="stmt"/>
        <line num="245" count="335" type="stmt"/>
        <line num="246" count="335" type="stmt"/>
        <line num="248" count="335" type="stmt"/>
        <line num="250" count="335" type="cond" truecount="1" falsecount="0"/>
        <line num="251" count="3" type="stmt"/>
        <line num="252" count="3" type="stmt"/>
        <line num="253" count="3" type="stmt"/>
        <line num="254" count="3" type="stmt"/>
        <line num="255" count="3" type="stmt"/>
        <line num="256" count="3" type="stmt"/>
        <line num="258" count="335" type="stmt"/>
        <line num="259" count="335" type="stmt"/>
        <line num="260" count="335" type="stmt"/>
        <line num="261" count="335" type="stmt"/>
        <line num="262" count="335" type="stmt"/>
        <line num="263" count="335" type="stmt"/>
        <line num="265" count="335" type="stmt"/>
        <line num="267" count="1" type="stmt"/>
      </file>
      <file name="Signup.tsx" path="/home/ngmh/scheds-frontend/src/routes/Signup.tsx">
        <metrics statements="93" coveredstatements="93" conditionals="5" coveredconditionals="5" methods="3" coveredmethods="3"/>
        <line num="1" count="1" type="stmt"/>
        <line num="2" count="1" type="stmt"/>
        <line num="3" count="1" type="stmt"/>
        <line num="4" count="1" type="stmt"/>
        <line num="5" count="1" type="stmt"/>
        <line num="6" count="1" type="stmt"/>
        <line num="8" count="1" type="cond" truecount="1" falsecount="0"/>
        <line num="9" count="74" type="stmt"/>
        <line num="11" count="74" type="stmt"/>
        <line num="12" count="74" type="stmt"/>
        <line num="13" count="74" type="stmt"/>
        <line num="14" count="74" type="stmt"/>
        <line num="15" count="74" type="stmt"/>
        <line num="16" count="74" type="stmt"/>
        <line num="18" count="74" type="cond" truecount="1" falsecount="0"/>
        <line num="19" count="68" type="stmt"/>
        <line num="20" count="68" type="stmt"/>
        <line num="22" count="74" type="cond" truecount="1" falsecount="0"/>
        <line num="23" count="2" type="stmt"/>
        <line num="24" count="2" type="stmt"/>
        <line num="26" count="2" type="stmt"/>
        <line num="27" count="2" type="cond" truecount="1" falsecount="0"/>
        <line num="28" count="1" type="stmt"/>
        <line num="29" count="1" type="stmt"/>
        <line num="30" count="1" type="stmt"/>
        <line num="31" count="1" type="stmt"/>
        <line num="32" count="1" type="stmt"/>
        <line num="33" count="2" type="stmt"/>
        <line num="35" count="74" type="stmt"/>
        <line num="36" count="74" type="stmt"/>
        <line num="37" count="74" type="stmt"/>
        <line num="38" count="74" type="stmt"/>
        <line num="39" count="74" type="stmt"/>
        <line num="40" count="74" type="stmt"/>
        <line num="42" count="74" type="stmt"/>
        <line num="43" count="74" type="stmt"/>
        <line num="45" count="74" type="stmt"/>
        <line num="46" count="74" type="stmt"/>
        <line num="47" count="74" type="stmt"/>
        <line num="48" count="74" type="stmt"/>
        <line num="49" count="74" type="stmt"/>
        <line num="50" count="74" type="stmt"/>
        <line num="51" count="74" type="stmt"/>
        <line num="52" count="74" type="stmt"/>
        <line num="53" count="74" type="stmt"/>
        <line num="54" count="74" type="stmt"/>
        <line num="55" count="74" type="stmt"/>
        <line num="56" count="74" type="stmt"/>
        <line num="57" count="74" type="stmt"/>
        <line num="58" count="74" type="stmt"/>
        <line num="60" count="74" type="stmt"/>
        <line num="61" count="74" type="stmt"/>
        <line num="62" count="74" type="stmt"/>
        <line num="63" count="74" type="stmt"/>
        <line num="64" count="74" type="stmt"/>
        <line num="65" count="74" type="stmt"/>
        <line num="66" count="74" type="stmt"/>
        <line num="67" count="74" type="stmt"/>
        <line num="68" count="74" type="stmt"/>
        <line num="69" count="74" type="stmt"/>
        <line num="70" count="74" type="stmt"/>
        <line num="71" count="74" type="stmt"/>
        <line num="72" count="74" type="stmt"/>
        <line num="73" count="74" type="stmt"/>
        <line num="75" count="74" type="stmt"/>
        <line num="76" count="74" type="stmt"/>
        <line num="77" count="74" type="stmt"/>
        <line num="78" count="74" type="stmt"/>
        <line num="79" count="74" type="stmt"/>
        <line num="80" count="74" type="stmt"/>
        <line num="81" count="74" type="stmt"/>
        <line num="82" count="74" type="stmt"/>
        <line num="83" count="74" type="stmt"/>
        <line num="84" count="74" type="stmt"/>
        <line num="85" count="74" type="stmt"/>
        <line num="86" count="74" type="stmt"/>
        <line num="87" count="74" type="stmt"/>
        <line num="88" count="74" type="stmt"/>
        <line num="90" count="74" type="stmt"/>
        <line num="92" count="74" type="stmt"/>
        <line num="94" count="74" type="cond" truecount="1" falsecount="0"/>
        <line num="95" count="1" type="stmt"/>
        <line num="96" count="1" type="stmt"/>
        <line num="97" count="1" type="stmt"/>
        <line num="98" count="1" type="stmt"/>
        <line num="99" count="1" type="stmt"/>
        <line num="100" count="1" type="stmt"/>
        <line num="102" count="74" type="stmt"/>
        <line num="103" count="74" type="stmt"/>
        <line num="104" count="74" type="stmt"/>
        <line num="105" count="74" type="stmt"/>
        <line num="107" count="74" type="stmt"/>
        <line num="109" count="1" type="stmt"/>
      </file>
      <file name="storage.ts" path="/home/ngmh/scheds-frontend/src/routes/storage.ts">
        <metrics statements="10" coveredstatements="10" conditionals="5" coveredconditionals="5" methods="3" coveredmethods="3"/>
        <line num="1" count="1" type="cond" truecount="1" falsecount="0"/>
        <line num="2" count="1" type="stmt"/>
        <line num="3" count="1" type="stmt"/>
        <line num="5" count="1" type="cond" truecount="1" falsecount="0"/>
        <line num="6" count="12" type="stmt"/>
        <line num="7" count="12" type="cond" truecount="2" falsecount="0"/>
        <line num="8" count="12" type="stmt"/>
        <line num="10" count="1" type="cond" truecount="1" falsecount="0"/>
        <line num="11" count="1" type="stmt"/>
        <line num="12" count="1" type="stmt"/>
      </file>
    </package>
    <package name="src.routes.api">
      <metrics statements="85" coveredstatements="85" conditionals="15" coveredconditionals="15" methods="5" coveredmethods="5"/>
      <file name="auth.ts" path="/home/ngmh/scheds-frontend/src/routes/api/auth.ts">
        <metrics statements="46" coveredstatements="46" conditionals="9" coveredconditionals="9" methods="3" coveredmethods="3"/>
        <line num="1" count="1" type="stmt"/>
        <line num="7" count="1" type="stmt"/>
        <line num="12" count="1" type="stmt"/>
        <line num="14" count="1" type="cond" truecount="1" falsecount="0"/>
        <line num="15" count="2" type="stmt"/>
        <line num="16" count="2" type="stmt"/>
        <line num="17" count="2" type="stmt"/>
        <line num="18" count="2" type="stmt"/>
        <line num="19" count="2" type="stmt"/>
        <line num="20" count="2" type="stmt"/>
        <line num="21" count="2" type="cond" truecount="1" falsecount="0"/>
        <line num="22" count="1" type="stmt"/>
        <line num="23" count="2" type="stmt"/>
        <line num="24" count="2" type="cond" truecount="1" falsecount="0"/>
        <line num="25" count="1" type="stmt"/>
        <line num="26" count="2" type="stmt"/>
        <line num="27" count="2" type="stmt"/>
        <line num="28" count="2" type="stmt"/>
        <line num="30" count="1" type="cond" truecount="1" falsecount="0"/>
        <line num="31" count="2" type="stmt"/>
        <line num="32" count="2" type="stmt"/>
        <line num="33" count="2" type="stmt"/>
        <line num="34" count="2" type="stmt"/>
        <line num="35" count="2" type="stmt"/>
        <line num="36" count="2" type="stmt"/>
        <line num="37" count="2" type="cond" truecount="1" falsecount="0"/>
        <line num="38" count="1" type="stmt"/>
        <line num="39" count="2" type="stmt"/>
        <line num="40" count="2" type="cond" truecount="1" falsecount="0"/>
        <line num="41" count="1" type="stmt"/>
        <line num="42" count="2" type="stmt"/>
        <line num="43" count="2" type="stmt"/>
        <line num="44" count="2" type="stmt"/>
        <line num="46" count="1" type="cond" truecount="1" falsecount="0"/>
        <line num="47" count="2" type="stmt"/>
        <line num="48" count="2" type="stmt"/>
        <line num="49" count="2" type="stmt"/>
        <line num="50" count="2" type="stmt"/>
        <line num="51" count="2" type="cond" truecount="1" falsecount="0"/>
        <line num="52" count="1" type="stmt"/>
        <line num="53" count="2" type="stmt"/>
        <line num="54" count="2" type="cond" truecount="1" falsecount="0"/>
        <line num="55" count="1" type="stmt"/>
        <line num="56" count="2" type="stmt"/>
        <line num="57" count="2" type="stmt"/>
        <line num="58" count="2" type="stmt"/>
      </file>
      <file name="index.ts" path="/home/ngmh/scheds-frontend/src/routes/api/index.ts">
        <metrics statements="7" coveredstatements="7" conditionals="0" coveredconditionals="0" methods="0" coveredmethods="0"/>
        <line num="1" count="1" type="stmt"/>
        <line num="2" count="1" type="stmt"/>
        <line num="4" count="1" type="stmt"/>
        <line num="5" count="1" type="stmt"/>
        <line num="6" count="1" type="stmt"/>
        <line num="7" count="1" type="stmt"/>
        <line num="9" count="1" type="stmt"/>
      </file>
      <file name="schedule.ts" path="/home/ngmh/scheds-frontend/src/routes/api/schedule.ts">
        <metrics statements="32" coveredstatements="32" conditionals="6" coveredconditionals="6" methods="2" coveredmethods="2"/>
        <line num="1" count="1" type="stmt"/>
        <line num="8" count="1" type="stmt"/>
        <line num="10" count="1" type="cond" truecount="1" falsecount="0"/>
        <line num="11" count="2" type="stmt"/>
        <line num="12" count="2" type="stmt"/>
        <line num="13" count="2" type="stmt"/>
        <line num="14" count="2" type="stmt"/>
        <line num="15" count="2" type="stmt"/>
        <line num="16" count="2" type="stmt"/>
        <line num="17" count="2" type="cond" truecount="1" falsecount="0"/>
        <line num="18" count="1" type="stmt"/>
        <line num="19" count="2" type="stmt"/>
        <line num="20" count="2" type="cond" truecount="1" falsecount="0"/>
        <line num="21" count="1" type="stmt"/>
        <line num="22" count="2" type="stmt"/>
        <line num="23" count="2" type="stmt"/>
        <line num="24" count="2" type="stmt"/>
        <line num="26" count="1" type="cond" truecount="1" falsecount="0"/>
        <line num="27" count="2" type="stmt"/>
        <line num="28" count="2" type="stmt"/>
        <line num="29" count="2" type="stmt"/>
        <line num="30" count="2" type="stmt"/>
        <line num="31" count="2" type="stmt"/>
        <line num="32" count="2" type="stmt"/>
        <line num="33" count="2" type="cond" truecount="1" falsecount="0"/>
        <line num="34" count="1" type="stmt"/>
        <line num="35" count="2" type="stmt"/>
        <line num="36" count="2" type="cond" truecount="1" falsecount="0"/>
        <line num="37" count="1" type="stmt"/>
        <line num="38" count="2" type="stmt"/>
        <line num="39" count="2" type="stmt"/>
        <line num="40" count="2" type="stmt"/>
      </file>
    </package>
    <package name="src.routes.components">
      <metrics statements="111" coveredstatements="111" conditionals="9" coveredconditionals="9" methods="3" coveredmethods="3"/>
      <file name="Footer.tsx" path="/home/ngmh/scheds-frontend/src/routes/components/Footer.tsx">
        <metrics statements="9" coveredstatements="9" conditionals="1" coveredconditionals="1" methods="1" coveredmethods="1"/>
        <line num="1" count="1" type="cond" truecount="1" falsecount="0"/>
        <line num="2" count="466" type="stmt"/>
        <line num="3" count="466" type="stmt"/>
        <line num="4" count="466" type="stmt"/>
        <line num="5" count="466" type="stmt"/>
        <line num="6" count="466" type="stmt"/>
        <line num="7" count="466" type="stmt"/>
        <line num="9" count="466" type="stmt"/>
        <line num="11" count="1" type="stmt"/>
      </file>
      <file name="Navbar.tsx" path="/home/ngmh/scheds-frontend/src/routes/components/Navbar.tsx">
        <metrics statements="102" coveredstatements="102" conditionals="8" coveredconditionals="8" methods="2" coveredmethods="2"/>
        <line num="1" count="1" type="stmt"/>
        <line num="2" count="1" type="stmt"/>
        <line num="3" count="1" type="stmt"/>
        <line num="4" count="1" type="stmt"/>
        <line num="15" count="1" type="cond" truecount="1" falsecount="0"/>
        <line num="16" count="478" type="stmt"/>
        <line num="18" count="478" type="stmt"/>
        <line num="20" count="478" type="cond" truecount="1" falsecount="0"/>
        <line num="21" count="19" type="stmt"/>
        <line num="22" count="478" type="stmt"/>
        <line num="24" count="478" type="cond" truecount="1" falsecount="0"/>
        <line num="25" count="1" type="stmt"/>
        <line num="26" count="1" type="stmt"/>
        <line num="27" count="1" type="stmt"/>
        <line num="28" count="1" type="stmt"/>
        <line num="29" count="1" type="stmt"/>
        <line num="31" count="478" type="stmt"/>
        <line num="32" count="478" type="stmt"/>
        <line num="33" count="478" type="stmt"/>
        <line num="34" count="478" type="stmt"/>
        <line num="35" count="478" type="stmt"/>
        <line num="36" count="478" type="stmt"/>
        <line num="39" count="478" type="stmt"/>
        <line num="40" count="478" type="stmt"/>
        <line num="41" count="478" type="cond" truecount="1" falsecount="0"/>
        <line num="42" count="2" type="stmt"/>
        <line num="43" count="2" type="stmt"/>
        <line num="44" count="2" type="stmt"/>
        <line num="46" count="478" type="cond" truecount="1" falsecount="0"/>
        <line num="47" count="476" type="stmt"/>
        <line num="48" count="476" type="stmt"/>
        <line num="49" count="476" type="stmt"/>
        <line num="50" count="476" type="stmt"/>
        <line num="52" count="478" type="stmt"/>
        <line num="55" count="478" type="cond" truecount="1" falsecount="0"/>
        <line num="56" count="2" type="stmt"/>
        <line num="58" count="2" type="stmt"/>
        <line num="59" count="2" type="stmt"/>
        <line num="60" count="2" type="stmt"/>
        <line num="61" count="2" type="stmt"/>
        <line num="62" count="2" type="stmt"/>
        <line num="63" count="2" type="stmt"/>
        <line num="64" count="2" type="stmt"/>
        <line num="65" count="2" type="stmt"/>
        <line num="67" count="2" type="stmt"/>
        <line num="68" count="2" type="stmt"/>
        <line num="71" count="2" type="stmt"/>
        <line num="72" count="2" type="stmt"/>
        <line num="73" count="2" type="stmt"/>
        <line num="76" count="2" type="stmt"/>
        <line num="77" count="2" type="stmt"/>
        <line num="78" count="2" type="stmt"/>
        <line num="80" count="2" type="stmt"/>
        <line num="81" count="2" type="stmt"/>
        <line num="82" count="2" type="stmt"/>
        <line num="83" count="2" type="stmt"/>
        <line num="84" count="2" type="stmt"/>
        <line num="85" count="2" type="stmt"/>
        <line num="86" count="2" type="stmt"/>
        <line num="87" count="2" type="stmt"/>
        <line num="88" count="2" type="stmt"/>
        <line num="90" count="2" type="stmt"/>
        <line num="91" count="2" type="stmt"/>
        <line num="92" count="2" type="stmt"/>
        <line num="93" count="2" type="stmt"/>
        <line num="94" count="2" type="stmt"/>
        <line num="95" count="2" type="stmt"/>
        <line num="96" count="2" type="stmt"/>
        <line num="97" count="2" type="stmt"/>
        <line num="98" count="2" type="stmt"/>
        <line num="99" count="2" type="stmt"/>
        <line num="100" count="2" type="stmt"/>
        <line num="104" count="478" type="stmt"/>
        <line num="105" count="478" type="stmt"/>
        <line num="106" count="478" type="stmt"/>
        <line num="107" count="478" type="stmt"/>
        <line num="108" count="478" type="stmt"/>
        <line num="109" count="478" type="stmt"/>
        <line num="110" count="478" type="stmt"/>
        <line num="111" count="478" type="stmt"/>
        <line num="113" count="478" type="stmt"/>
        <line num="114" count="478" type="stmt"/>
        <line num="115" count="478" type="stmt"/>
        <line num="116" count="478" type="stmt"/>
        <line num="117" count="478" type="stmt"/>
        <line num="118" count="478" type="stmt"/>
        <line num="120" count="478" type="stmt"/>
        <line num="121" count="478" type="cond" truecount="1" falsecount="0"/>
        <line num="122" count="2" type="stmt"/>
        <line num="123" count="2" type="stmt"/>
        <line num="124" count="2" type="stmt"/>
        <line num="126" count="478" type="cond" truecount="1" falsecount="0"/>
        <line num="127" count="476" type="stmt"/>
        <line num="128" count="476" type="stmt"/>
        <line num="129" count="476" type="stmt"/>
        <line num="130" count="476" type="stmt"/>
        <line num="132" count="478" type="stmt"/>
        <line num="133" count="478" type="stmt"/>
        <line num="134" count="478" type="stmt"/>
        <line num="135" count="478" type="stmt"/>
        <line num="137" count="478" type="stmt"/>
        <line num="139" count="1" type="stmt"/>
      </file>
    </package>
  </project>
</coverage>
