{"/home/ngmh/scheds-frontend/src/main.tsx": {"path":"/home/ngmh/scheds-frontend/src/main.tsx","all":true,"statementMap":{"1":{"start":{"line":2,"column":0},"end":{"line":2,"column":45}},"2":{"start":{"line":3,"column":0},"end":{"line":3,"column":71}},"4":{"start":{"line":5,"column":0},"end":{"line":5,"column":20}},"6":{"start":{"line":7,"column":0},"end":{"line":7,"column":33}},"7":{"start":{"line":8,"column":0},"end":{"line":8,"column":35}},"8":{"start":{"line":9,"column":0},"end":{"line":9,"column":37}},"9":{"start":{"line":10,"column":0},"end":{"line":10,"column":41}},"11":{"start":{"line":12,"column":0},"end":{"line":12,"column":36}},"12":{"start":{"line":13,"column":0},"end":{"line":13,"column":3}},"13":{"start":{"line":14,"column":0},"end":{"line":14,"column":14}},"14":{"start":{"line":15,"column":0},"end":{"line":15,"column":22}},"15":{"start":{"line":16,"column":0},"end":{"line":16,"column":4}},"16":{"start":{"line":17,"column":0},"end":{"line":17,"column":3}},"17":{"start":{"line":18,"column":0},"end":{"line":18,"column":19}},"18":{"start":{"line":19,"column":0},"end":{"line":19,"column":23}},"19":{"start":{"line":20,"column":0},"end":{"line":20,"column":4}},"20":{"start":{"line":21,"column":0},"end":{"line":21,"column":3}},"21":{"start":{"line":22,"column":0},"end":{"line":22,"column":20}},"22":{"start":{"line":23,"column":0},"end":{"line":23,"column":24}},"23":{"start":{"line":24,"column":0},"end":{"line":24,"column":4}},"24":{"start":{"line":25,"column":0},"end":{"line":25,"column":3}},"25":{"start":{"line":26,"column":0},"end":{"line":26,"column":22}},"26":{"start":{"line":27,"column":0},"end":{"line":27,"column":26}},"27":{"start":{"line":28,"column":0},"end":{"line":28,"column":3}},"28":{"start":{"line":29,"column":0},"end":{"line":29,"column":3}},"30":{"start":{"line":31,"column":0},"end":{"line":31,"column":52}},"33":{"start":{"line":34,"column":0},"end":{"line":34,"column":36}},"35":{"start":{"line":36,"column":0},"end":{"line":36,"column":1}}},"s":{"1":0,"2":0,"4":0,"6":0,"7":0,"8":0,"9":0,"11":0,"12":0,"13":0,"14":0,"15":0,"16":0,"17":0,"18":0,"19":0,"20":0,"21":0,"22":0,"23":0,"24":0,"25":0,"26":0,"27":0,"28":0,"30":0,"33":0,"35":0},"branchMap":{"0":{"type":"branch","line":1,"loc":{"start":{"line":1,"column":399},"end":{"line":36,"column":-483}},"locations":[{"start":{"line":1,"column":399},"end":{"line":36,"column":-483}}]}},"b":{"0":[1]},"fnMap":{"0":{"name":"(empty-report)","decl":{"start":{"line":1,"column":399},"end":{"line":36,"column":-483}},"loc":{"start":{"line":1,"column":399},"end":{"line":36,"column":-483}},"line":1}},"f":{"0":1}}
,"/home/ngmh/scheds-frontend/src/routes/Login.tsx": {"path":"/home/ngmh/scheds-frontend/src/routes/Login.tsx","all":false,"statementMap":{"0":{"start":{"line":1,"column":0},"end":{"line":1,"column":33}},"1":{"start":{"line":2,"column":0},"end":{"line":2,"column":47}},"2":{"start":{"line":3,"column":0},"end":{"line":3,"column":41}},"3":{"start":{"line":4,"column":0},"end":{"line":4,"column":41}},"4":{"start":{"line":5,"column":0},"end":{"line":5,"column":24}},"5":{"start":{"line":6,"column":0},"end":{"line":6,"column":37}},"7":{"start":{"line":8,"column":0},"end":{"line":8,"column":21}},"8":{"start":{"line":9,"column":0},"end":{"line":9,"column":32}},"10":{"start":{"line":11,"column":0},"end":{"line":11,"column":35}},"11":{"start":{"line":12,"column":0},"end":{"line":12,"column":12}},"12":{"start":{"line":13,"column":0},"end":{"line":13,"column":15}},"13":{"start":{"line":14,"column":0},"end":{"line":14,"column":4}},"14":{"start":{"line":15,"column":0},"end":{"line":15,"column":40}},"16":{"start":{"line":17,"column":0},"end":{"line":17,"column":71}},"17":{"start":{"line":18,"column":0},"end":{"line":18,"column":65}},"18":{"start":{"line":19,"column":0},"end":{"line":19,"column":3}},"20":{"start":{"line":21,"column":0},"end":{"line":21,"column":57}},"21":{"start":{"line":22,"column":0},"end":{"line":22,"column":25}},"22":{"start":{"line":23,"column":0},"end":{"line":23,"column":15}},"24":{"start":{"line":25,"column":0},"end":{"line":25,"column":36}},"25":{"start":{"line":26,"column":0},"end":{"line":26,"column":23}},"26":{"start":{"line":27,"column":0},"end":{"line":27,"column":23}},"27":{"start":{"line":28,"column":0},"end":{"line":28,"column":10}},"28":{"start":{"line":29,"column":0},"end":{"line":29,"column":37}},"29":{"start":{"line":30,"column":0},"end":{"line":30,"column":62}},"30":{"start":{"line":31,"column":0},"end":{"line":31,"column":3}},"31":{"start":{"line":32,"column":0},"end":{"line":32,"column":3}},"33":{"start":{"line":34,"column":0},"end":{"line":34,"column":9}},"34":{"start":{"line":35,"column":0},"end":{"line":35,"column":46}},"35":{"start":{"line":36,"column":0},"end":{"line":36,"column":13}},"36":{"start":{"line":37,"column":0},"end":{"line":37,"column":8}},"37":{"start":{"line":38,"column":0},"end":{"line":38,"column":27}},"38":{"start":{"line":39,"column":0},"end":{"line":39,"column":99}},"40":{"start":{"line":41,"column":0},"end":{"line":41,"column":74}},"41":{"start":{"line":42,"column":0},"end":{"line":42,"column":67}},"42":{"start":{"line":43,"column":0},"end":{"line":43,"column":35}},"43":{"start":{"line":44,"column":0},"end":{"line":44,"column":47}},"44":{"start":{"line":45,"column":0},"end":{"line":45,"column":48}},"45":{"start":{"line":46,"column":0},"end":{"line":46,"column":14}},"46":{"start":{"line":47,"column":0},"end":{"line":47,"column":12}},"47":{"start":{"line":48,"column":0},"end":{"line":48,"column":17}},"48":{"start":{"line":49,"column":0},"end":{"line":49,"column":19}},"49":{"start":{"line":50,"column":0},"end":{"line":50,"column":19}},"50":{"start":{"line":51,"column":0},"end":{"line":51,"column":39}},"51":{"start":{"line":52,"column":0},"end":{"line":52,"column":25}},"52":{"start":{"line":53,"column":0},"end":{"line":53,"column":30}},"53":{"start":{"line":54,"column":0},"end":{"line":54,"column":15}},"54":{"start":{"line":55,"column":0},"end":{"line":55,"column":8}},"55":{"start":{"line":56,"column":0},"end":{"line":56,"column":11}},"57":{"start":{"line":58,"column":0},"end":{"line":58,"column":35}},"58":{"start":{"line":59,"column":0},"end":{"line":59,"column":50}},"59":{"start":{"line":60,"column":0},"end":{"line":60,"column":51}},"60":{"start":{"line":61,"column":0},"end":{"line":61,"column":14}},"61":{"start":{"line":62,"column":0},"end":{"line":62,"column":12}},"62":{"start":{"line":63,"column":0},"end":{"line":63,"column":20}},"63":{"start":{"line":64,"column":0},"end":{"line":64,"column":22}},"64":{"start":{"line":65,"column":0},"end":{"line":65,"column":22}},"65":{"start":{"line":66,"column":0},"end":{"line":66,"column":39}},"66":{"start":{"line":67,"column":0},"end":{"line":67,"column":28}},"67":{"start":{"line":68,"column":0},"end":{"line":68,"column":30}},"68":{"start":{"line":69,"column":0},"end":{"line":69,"column":15}},"69":{"start":{"line":70,"column":0},"end":{"line":70,"column":8}},"70":{"start":{"line":71,"column":0},"end":{"line":71,"column":11}},"72":{"start":{"line":73,"column":0},"end":{"line":73,"column":67}},"74":{"start":{"line":75,"column":0},"end":{"line":75,"column":14}},"75":{"start":{"line":76,"column":0},"end":{"line":76,"column":16}},"76":{"start":{"line":77,"column":0},"end":{"line":77,"column":54}},"77":{"start":{"line":78,"column":0},"end":{"line":78,"column":123}},"78":{"start":{"line":79,"column":0},"end":{"line":79,"column":150}},"79":{"start":{"line":80,"column":0},"end":{"line":80,"column":13}},"80":{"start":{"line":81,"column":0},"end":{"line":81,"column":27}},"81":{"start":{"line":82,"column":0},"end":{"line":82,"column":12}},"83":{"start":{"line":84,"column":0},"end":{"line":84,"column":15}},"84":{"start":{"line":85,"column":0},"end":{"line":85,"column":10}},"85":{"start":{"line":86,"column":0},"end":{"line":86,"column":13}},"86":{"start":{"line":87,"column":0},"end":{"line":87,"column":8}},"88":{"start":{"line":89,"column":0},"end":{"line":89,"column":1}},"90":{"start":{"line":91,"column":0},"end":{"line":91,"column":21}}},"s":{"0":1,"1":1,"2":1,"3":1,"4":1,"5":1,"7":1,"8":58,"10":58,"11":58,"12":58,"13":58,"14":58,"16":58,"17":52,"18":52,"20":58,"21":2,"22":2,"24":2,"25":2,"26":1,"27":1,"28":1,"29":1,"30":1,"31":2,"33":58,"34":58,"35":58,"36":58,"37":58,"38":58,"40":58,"41":58,"42":58,"43":58,"44":58,"45":58,"46":58,"47":58,"48":58,"49":58,"50":58,"51":58,"52":58,"53":58,"54":58,"55":58,"57":58,"58":58,"59":58,"60":58,"61":58,"62":58,"63":58,"64":58,"65":58,"66":58,"67":58,"68":58,"69":58,"70":58,"72":58,"74":58,"75":58,"76":1,"77":1,"78":1,"79":1,"80":1,"81":1,"83":58,"84":58,"85":58,"86":58,"88":58,"90":1},"branchMap":{"0":{"type":"branch","line":8,"loc":{"start":{"line":8,"column":14},"end":{"line":89,"column":1}},"locations":[{"start":{"line":8,"column":14},"end":{"line":89,"column":1}}]},"1":{"type":"branch","line":76,"loc":{"start":{"line":76,"column":6},"end":{"line":82,"column":12}},"locations":[{"start":{"line":76,"column":6},"end":{"line":82,"column":12}}]},"2":{"type":"branch","line":17,"loc":{"start":{"line":17,"column":22},"end":{"line":19,"column":3}},"locations":[{"start":{"line":17,"column":22},"end":{"line":19,"column":3}}]},"3":{"type":"branch","line":21,"loc":{"start":{"line":21,"column":22},"end":{"line":32,"column":3}},"locations":[{"start":{"line":21,"column":22},"end":{"line":32,"column":3}}]},"4":{"type":"branch","line":26,"loc":{"start":{"line":26,"column":22},"end":{"line":31,"column":3}},"locations":[{"start":{"line":26,"column":22},"end":{"line":31,"column":3}}]}},"b":{"0":[58],"1":[1],"2":[52],"3":[2],"4":[1]},"fnMap":{"0":{"name":"Login","decl":{"start":{"line":8,"column":14},"end":{"line":89,"column":1}},"loc":{"start":{"line":8,"column":14},"end":{"line":89,"column":1}},"line":8},"1":{"name":"handleChange","decl":{"start":{"line":17,"column":22},"end":{"line":19,"column":3}},"loc":{"start":{"line":17,"column":22},"end":{"line":19,"column":3}},"line":17},"2":{"name":"handleSubmit","decl":{"start":{"line":21,"column":22},"end":{"line":32,"column":3}},"loc":{"start":{"line":21,"column":22},"end":{"line":32,"column":3}},"line":21}},"f":{"0":58,"1":52,"2":2}}
,"/home/ngmh/scheds-frontend/src/routes/Root.tsx": {"path":"/home/ngmh/scheds-frontend/src/routes/Root.tsx","all":false,"statementMap":{"0":{"start":{"line":1,"column":0},"end":{"line":1,"column":33}},"1":{"start":{"line":2,"column":0},"end":{"line":2,"column":53}},"2":{"start":{"line":3,"column":0},"end":{"line":3,"column":41}},"3":{"start":{"line":4,"column":0},"end":{"line":4,"column":41}},"4":{"start":{"line":5,"column":0},"end":{"line":5,"column":34}},"6":{"start":{"line":7,"column":0},"end":{"line":7,"column":20}},"7":{"start":{"line":8,"column":0},"end":{"line":8,"column":32}},"9":{"start":{"line":10,"column":0},"end":{"line":10,"column":61}},"11":{"start":{"line":12,"column":0},"end":{"line":12,"column":18}},"12":{"start":{"line":13,"column":0},"end":{"line":13,"column":58}},"13":{"start":{"line":14,"column":0},"end":{"line":14,"column":40}},"14":{"start":{"line":15,"column":0},"end":{"line":15,"column":51}},"15":{"start":{"line":16,"column":0},"end":{"line":16,"column":3}},"16":{"start":{"line":17,"column":0},"end":{"line":17,"column":21}},"18":{"start":{"line":19,"column":0},"end":{"line":19,"column":9}},"19":{"start":{"line":20,"column":0},"end":{"line":20,"column":46}},"20":{"start":{"line":21,"column":0},"end":{"line":21,"column":13}},"21":{"start":{"line":22,"column":0},"end":{"line":22,"column":16}},"22":{"start":{"line":23,"column":0},"end":{"line":23,"column":62}},"23":{"start":{"line":24,"column":0},"end":{"line":24,"column":55}},"24":{"start":{"line":25,"column":0},"end":{"line":25,"column":122}},"25":{"start":{"line":26,"column":0},"end":{"line":26,"column":126}},"26":{"start":{"line":27,"column":0},"end":{"line":27,"column":12}},"27":{"start":{"line":28,"column":0},"end":{"line":28,"column":28}},"28":{"start":{"line":29,"column":0},"end":{"line":29,"column":11}},"29":{"start":{"line":30,"column":0},"end":{"line":30,"column":10}},"31":{"start":{"line":32,"column":0},"end":{"line":32,"column":60}},"32":{"start":{"line":33,"column":0},"end":{"line":33,"column":108}},"33":{"start":{"line":34,"column":0},"end":{"line":34,"column":31}},"34":{"start":{"line":35,"column":0},"end":{"line":35,"column":52}},"35":{"start":{"line":36,"column":0},"end":{"line":36,"column":56}},"36":{"start":{"line":37,"column":0},"end":{"line":37,"column":25}},"37":{"start":{"line":38,"column":0},"end":{"line":38,"column":63}},"38":{"start":{"line":39,"column":0},"end":{"line":39,"column":13}},"39":{"start":{"line":40,"column":0},"end":{"line":40,"column":11}},"41":{"start":{"line":42,"column":0},"end":{"line":42,"column":100}},"42":{"start":{"line":43,"column":0},"end":{"line":43,"column":54}},"43":{"start":{"line":44,"column":0},"end":{"line":44,"column":45}},"44":{"start":{"line":45,"column":0},"end":{"line":45,"column":61}},"45":{"start":{"line":46,"column":0},"end":{"line":46,"column":46}},"46":{"start":{"line":47,"column":0},"end":{"line":47,"column":12}},"47":{"start":{"line":48,"column":0},"end":{"line":48,"column":54}},"48":{"start":{"line":49,"column":0},"end":{"line":49,"column":46}},"49":{"start":{"line":50,"column":0},"end":{"line":50,"column":64}},"50":{"start":{"line":51,"column":0},"end":{"line":51,"column":60}},"51":{"start":{"line":52,"column":0},"end":{"line":52,"column":12}},"52":{"start":{"line":53,"column":0},"end":{"line":53,"column":54}},"53":{"start":{"line":54,"column":0},"end":{"line":54,"column":46}},"54":{"start":{"line":55,"column":0},"end":{"line":55,"column":65}},"55":{"start":{"line":56,"column":0},"end":{"line":56,"column":53}},"56":{"start":{"line":57,"column":0},"end":{"line":57,"column":12}},"57":{"start":{"line":58,"column":0},"end":{"line":58,"column":54}},"58":{"start":{"line":59,"column":0},"end":{"line":59,"column":46}},"59":{"start":{"line":60,"column":0},"end":{"line":60,"column":66}},"60":{"start":{"line":61,"column":0},"end":{"line":61,"column":54}},"61":{"start":{"line":62,"column":0},"end":{"line":62,"column":12}},"62":{"start":{"line":63,"column":0},"end":{"line":63,"column":11}},"63":{"start":{"line":64,"column":0},"end":{"line":64,"column":10}},"64":{"start":{"line":65,"column":0},"end":{"line":65,"column":9}},"65":{"start":{"line":66,"column":0},"end":{"line":66,"column":13}},"66":{"start":{"line":67,"column":0},"end":{"line":67,"column":8}},"68":{"start":{"line":69,"column":0},"end":{"line":69,"column":1}},"70":{"start":{"line":71,"column":0},"end":{"line":71,"column":20}}},"s":{"0":1,"1":1,"2":1,"3":1,"4":1,"6":1,"7":4,"9":4,"11":4,"12":4,"13":0,"14":0,"15":0,"16":4,"18":4,"19":4,"20":4,"21":4,"22":0,"23":0,"24":0,"25":0,"26":0,"27":0,"28":0,"29":0,"31":4,"32":4,"33":4,"34":4,"35":4,"36":4,"37":4,"38":4,"39":4,"41":4,"42":4,"43":4,"44":4,"45":4,"46":4,"47":4,"48":4,"49":4,"50":4,"51":4,"52":4,"53":4,"54":4,"55":4,"56":4,"57":4,"58":4,"59":4,"60":4,"61":4,"62":4,"63":4,"64":4,"65":4,"66":4,"68":4,"70":1},"branchMap":{"0":{"type":"branch","line":7,"loc":{"start":{"line":7,"column":13},"end":{"line":69,"column":1}},"locations":[{"start":{"line":7,"column":13},"end":{"line":69,"column":1}}]},"1":{"type":"branch","line":22,"loc":{"start":{"line":22,"column":4},"end":{"line":30,"column":10}},"locations":[{"start":{"line":22,"column":4},"end":{"line":30,"column":10}}]},"2":{"type":"branch","line":12,"loc":{"start":{"line":12,"column":11},"end":{"line":17,"column":4}},"locations":[{"start":{"line":12,"column":11},"end":{"line":17,"column":4}}]},"3":{"type":"branch","line":13,"loc":{"start":{"line":13,"column":15},"end":{"line":13,"column":57}},"locations":[{"start":{"line":13,"column":15},"end":{"line":13,"column":57}}]},"4":{"type":"branch","line":13,"loc":{"start":{"line":13,"column":57},"end":{"line":16,"column":3}},"locations":[{"start":{"line":13,"column":57},"end":{"line":16,"column":3}}]}},"b":{"0":[4],"1":[0],"2":[4],"3":[0],"4":[0]},"fnMap":{"0":{"name":"Root","decl":{"start":{"line":7,"column":13},"end":{"line":69,"column":1}},"loc":{"start":{"line":7,"column":13},"end":{"line":69,"column":1}},"line":7}},"f":{"0":4}}
,"/home/ngmh/scheds-frontend/src/routes/Schedule.tsx": {"path":"/home/ngmh/scheds-frontend/src/routes/Schedule.tsx","all":false,"statementMap":{"0":{"start":{"line":1,"column":0},"end":{"line":1,"column":44}},"1":{"start":{"line":2,"column":0},"end":{"line":2,"column":60}},"2":{"start":{"line":3,"column":0},"end":{"line":3,"column":41}},"3":{"start":{"line":4,"column":0},"end":{"line":4,"column":41}},"4":{"start":{"line":5,"column":0},"end":{"line":5,"column":24}},"7":{"start":{"line":8,"column":0},"end":{"line":8,"column":64}},"8":{"start":{"line":9,"column":0},"end":{"line":9,"column":41}},"9":{"start":{"line":10,"column":0},"end":{"line":10,"column":39}},"10":{"start":{"line":11,"column":0},"end":{"line":11,"column":51}},"11":{"start":{"line":12,"column":0},"end":{"line":12,"column":41}},"12":{"start":{"line":13,"column":0},"end":{"line":13,"column":45}},"13":{"start":{"line":14,"column":0},"end":{"line":14,"column":36}},"15":{"start":{"line":16,"column":0},"end":{"line":16,"column":17}},"16":{"start":{"line":17,"column":0},"end":{"line":17,"column":15}},"17":{"start":{"line":18,"column":0},"end":{"line":18,"column":2}},"19":{"start":{"line":20,"column":0},"end":{"line":20,"column":36}},"20":{"start":{"line":21,"column":0},"end":{"line":21,"column":8}},"21":{"start":{"line":22,"column":0},"end":{"line":22,"column":7}},"22":{"start":{"line":23,"column":0},"end":{"line":23,"column":13}},"23":{"start":{"line":24,"column":0},"end":{"line":24,"column":8}},"24":{"start":{"line":25,"column":0},"end":{"line":25,"column":9}},"25":{"start":{"line":26,"column":0},"end":{"line":26,"column":3}},"42":{"start":{"line":43,"column":0},"end":{"line":43,"column":2}},"44":{"start":{"line":45,"column":0},"end":{"line":45,"column":24}},"45":{"start":{"line":46,"column":0},"end":{"line":46,"column":32}},"46":{"start":{"line":47,"column":0},"end":{"line":47,"column":32}},"48":{"start":{"line":49,"column":0},"end":{"line":49,"column":35}},"49":{"start":{"line":50,"column":0},"end":{"line":50,"column":12}},"50":{"start":{"line":51,"column":0},"end":{"line":51,"column":12}},"51":{"start":{"line":52,"column":0},"end":{"line":52,"column":10}},"52":{"start":{"line":53,"column":0},"end":{"line":53,"column":18}},"53":{"start":{"line":54,"column":0},"end":{"line":54,"column":4}},"54":{"start":{"line":55,"column":0},"end":{"line":55,"column":59}},"55":{"start":{"line":56,"column":0},"end":{"line":56,"column":61}},"56":{"start":{"line":57,"column":0},"end":{"line":57,"column":40}},"57":{"start":{"line":58,"column":0},"end":{"line":58,"column":47}},"59":{"start":{"line":60,"column":0},"end":{"line":60,"column":18}},"60":{"start":{"line":61,"column":0},"end":{"line":61,"column":58}},"61":{"start":{"line":62,"column":0},"end":{"line":62,"column":40}},"62":{"start":{"line":63,"column":0},"end":{"line":63,"column":12}},"63":{"start":{"line":64,"column":0},"end":{"line":64,"column":14}},"64":{"start":{"line":65,"column":0},"end":{"line":65,"column":14}},"65":{"start":{"line":66,"column":0},"end":{"line":66,"column":12}},"66":{"start":{"line":67,"column":0},"end":{"line":67,"column":20}},"67":{"start":{"line":68,"column":0},"end":{"line":68,"column":6}},"68":{"start":{"line":69,"column":0},"end":{"line":69,"column":17}},"69":{"start":{"line":70,"column":0},"end":{"line":70,"column":51}},"70":{"start":{"line":71,"column":0},"end":{"line":71,"column":3}},"71":{"start":{"line":72,"column":0},"end":{"line":72,"column":22}},"73":{"start":{"line":74,"column":0},"end":{"line":74,"column":34}},"74":{"start":{"line":75,"column":0},"end":{"line":75,"column":19}},"75":{"start":{"line":76,"column":0},"end":{"line":76,"column":15}},"76":{"start":{"line":77,"column":0},"end":{"line":77,"column":36}},"77":{"start":{"line":78,"column":0},"end":{"line":78,"column":23}},"78":{"start":{"line":79,"column":0},"end":{"line":79,"column":23}},"79":{"start":{"line":80,"column":0},"end":{"line":80,"column":10}},"80":{"start":{"line":81,"column":0},"end":{"line":81,"column":49}},"81":{"start":{"line":82,"column":0},"end":{"line":82,"column":23}},"82":{"start":{"line":83,"column":0},"end":{"line":83,"column":33}},"83":{"start":{"line":84,"column":0},"end":{"line":84,"column":29}},"84":{"start":{"line":85,"column":0},"end":{"line":85,"column":35}},"85":{"start":{"line":86,"column":0},"end":{"line":86,"column":7}},"86":{"start":{"line":87,"column":0},"end":{"line":87,"column":21}},"87":{"start":{"line":88,"column":0},"end":{"line":88,"column":21}},"88":{"start":{"line":89,"column":0},"end":{"line":89,"column":3}},"89":{"start":{"line":90,"column":0},"end":{"line":90,"column":3}},"91":{"start":{"line":92,"column":0},"end":{"line":92,"column":18}},"92":{"start":{"line":93,"column":0},"end":{"line":93,"column":16}},"93":{"start":{"line":94,"column":0},"end":{"line":94,"column":8}},"95":{"start":{"line":96,"column":0},"end":{"line":96,"column":50}},"96":{"start":{"line":97,"column":0},"end":{"line":97,"column":46}},"97":{"start":{"line":98,"column":0},"end":{"line":98,"column":93}},"98":{"start":{"line":99,"column":0},"end":{"line":99,"column":3}},"100":{"start":{"line":101,"column":0},"end":{"line":101,"column":93}},"101":{"start":{"line":102,"column":0},"end":{"line":102,"column":65}},"102":{"start":{"line":103,"column":0},"end":{"line":103,"column":3}},"104":{"start":{"line":105,"column":0},"end":{"line":105,"column":57}},"105":{"start":{"line":106,"column":0},"end":{"line":106,"column":25}},"106":{"start":{"line":107,"column":0},"end":{"line":107,"column":15}},"108":{"start":{"line":109,"column":0},"end":{"line":109,"column":24}},"109":{"start":{"line":110,"column":0},"end":{"line":110,"column":42}},"110":{"start":{"line":111,"column":0},"end":{"line":111,"column":38}},"112":{"start":{"line":113,"column":0},"end":{"line":113,"column":49}},"113":{"start":{"line":114,"column":0},"end":{"line":114,"column":45}},"115":{"start":{"line":116,"column":0},"end":{"line":116,"column":36}},"116":{"start":{"line":117,"column":0},"end":{"line":117,"column":43}},"117":{"start":{"line":118,"column":0},"end":{"line":118,"column":10}},"118":{"start":{"line":119,"column":0},"end":{"line":119,"column":3}},"120":{"start":{"line":121,"column":0},"end":{"line":121,"column":42}},"121":{"start":{"line":122,"column":0},"end":{"line":122,"column":58}},"122":{"start":{"line":123,"column":0},"end":{"line":123,"column":10}},"123":{"start":{"line":124,"column":0},"end":{"line":124,"column":3}},"125":{"start":{"line":126,"column":0},"end":{"line":126,"column":24}},"127":{"start":{"line":128,"column":0},"end":{"line":128,"column":42}},"128":{"start":{"line":129,"column":0},"end":{"line":129,"column":19}},"129":{"start":{"line":130,"column":0},"end":{"line":130,"column":23}},"130":{"start":{"line":131,"column":0},"end":{"line":131,"column":23}},"131":{"start":{"line":132,"column":0},"end":{"line":132,"column":10}},"132":{"start":{"line":133,"column":0},"end":{"line":133,"column":79}},"133":{"start":{"line":134,"column":0},"end":{"line":134,"column":3}},"134":{"start":{"line":135,"column":0},"end":{"line":135,"column":3}},"136":{"start":{"line":137,"column":0},"end":{"line":137,"column":9}},"137":{"start":{"line":138,"column":0},"end":{"line":138,"column":46}},"138":{"start":{"line":139,"column":0},"end":{"line":139,"column":13}},"139":{"start":{"line":140,"column":0},"end":{"line":140,"column":16}},"140":{"start":{"line":141,"column":0},"end":{"line":141,"column":62}},"141":{"start":{"line":142,"column":0},"end":{"line":142,"column":55}},"142":{"start":{"line":143,"column":0},"end":{"line":143,"column":122}},"143":{"start":{"line":144,"column":0},"end":{"line":144,"column":126}},"144":{"start":{"line":145,"column":0},"end":{"line":145,"column":12}},"145":{"start":{"line":146,"column":0},"end":{"line":146,"column":28}},"146":{"start":{"line":147,"column":0},"end":{"line":147,"column":11}},"147":{"start":{"line":148,"column":0},"end":{"line":148,"column":10}},"149":{"start":{"line":150,"column":0},"end":{"line":150,"column":46}},"150":{"start":{"line":151,"column":0},"end":{"line":151,"column":39}},"151":{"start":{"line":152,"column":0},"end":{"line":152,"column":61}},"152":{"start":{"line":153,"column":0},"end":{"line":153,"column":64}},"153":{"start":{"line":154,"column":0},"end":{"line":154,"column":91}},"154":{"start":{"line":155,"column":0},"end":{"line":155,"column":20}},"155":{"start":{"line":156,"column":0},"end":{"line":156,"column":65}},"157":{"start":{"line":158,"column":0},"end":{"line":158,"column":21}},"158":{"start":{"line":159,"column":0},"end":{"line":159,"column":10}},"171":{"start":{"line":172,"column":0},"end":{"line":172,"column":54}},"172":{"start":{"line":173,"column":0},"end":{"line":173,"column":19}},"173":{"start":{"line":174,"column":0},"end":{"line":174,"column":32}},"174":{"start":{"line":175,"column":0},"end":{"line":175,"column":26}},"175":{"start":{"line":176,"column":0},"end":{"line":176,"column":32}},"176":{"start":{"line":177,"column":0},"end":{"line":177,"column":28}},"177":{"start":{"line":178,"column":0},"end":{"line":178,"column":34}},"178":{"start":{"line":179,"column":0},"end":{"line":179,"column":12}},"179":{"start":{"line":180,"column":0},"end":{"line":180,"column":15}},"180":{"start":{"line":181,"column":0},"end":{"line":181,"column":11}},"182":{"start":{"line":183,"column":0},"end":{"line":183,"column":12}},"183":{"start":{"line":184,"column":0},"end":{"line":184,"column":11}},"184":{"start":{"line":185,"column":0},"end":{"line":185,"column":84}},"185":{"start":{"line":186,"column":0},"end":{"line":186,"column":67}},"186":{"start":{"line":187,"column":0},"end":{"line":187,"column":38}},"187":{"start":{"line":188,"column":0},"end":{"line":188,"column":46}},"188":{"start":{"line":189,"column":0},"end":{"line":189,"column":49}},"189":{"start":{"line":190,"column":0},"end":{"line":190,"column":56}},"190":{"start":{"line":191,"column":0},"end":{"line":191,"column":16}},"191":{"start":{"line":192,"column":0},"end":{"line":192,"column":14}},"192":{"start":{"line":193,"column":0},"end":{"line":193,"column":19}},"193":{"start":{"line":194,"column":0},"end":{"line":194,"column":21}},"194":{"start":{"line":195,"column":0},"end":{"line":195,"column":20}},"195":{"start":{"line":196,"column":0},"end":{"line":196,"column":34}},"196":{"start":{"line":197,"column":0},"end":{"line":197,"column":48}},"197":{"start":{"line":198,"column":0},"end":{"line":198,"column":27}},"198":{"start":{"line":199,"column":0},"end":{"line":199,"column":32}},"199":{"start":{"line":200,"column":0},"end":{"line":200,"column":17}},"200":{"start":{"line":201,"column":0},"end":{"line":201,"column":10}},"201":{"start":{"line":202,"column":0},"end":{"line":202,"column":13}},"203":{"start":{"line":204,"column":0},"end":{"line":204,"column":46}},"204":{"start":{"line":205,"column":0},"end":{"line":205,"column":49}},"205":{"start":{"line":206,"column":0},"end":{"line":206,"column":64}},"206":{"start":{"line":207,"column":0},"end":{"line":207,"column":16}},"207":{"start":{"line":208,"column":0},"end":{"line":208,"column":14}},"208":{"start":{"line":209,"column":0},"end":{"line":209,"column":19}},"209":{"start":{"line":210,"column":0},"end":{"line":210,"column":21}},"210":{"start":{"line":211,"column":0},"end":{"line":211,"column":30}},"211":{"start":{"line":212,"column":0},"end":{"line":212,"column":48}},"212":{"start":{"line":213,"column":0},"end":{"line":213,"column":27}},"213":{"start":{"line":214,"column":0},"end":{"line":214,"column":32}},"214":{"start":{"line":215,"column":0},"end":{"line":215,"column":17}},"215":{"start":{"line":216,"column":0},"end":{"line":216,"column":10}},"216":{"start":{"line":217,"column":0},"end":{"line":217,"column":13}},"218":{"start":{"line":219,"column":0},"end":{"line":219,"column":46}},"219":{"start":{"line":220,"column":0},"end":{"line":220,"column":47}},"220":{"start":{"line":221,"column":0},"end":{"line":221,"column":62}},"221":{"start":{"line":222,"column":0},"end":{"line":222,"column":16}},"222":{"start":{"line":223,"column":0},"end":{"line":223,"column":14}},"223":{"start":{"line":224,"column":0},"end":{"line":224,"column":17}},"224":{"start":{"line":225,"column":0},"end":{"line":225,"column":19}},"225":{"start":{"line":226,"column":0},"end":{"line":226,"column":30}},"226":{"start":{"line":227,"column":0},"end":{"line":227,"column":48}},"227":{"start":{"line":228,"column":0},"end":{"line":228,"column":25}},"228":{"start":{"line":229,"column":0},"end":{"line":229,"column":32}},"229":{"start":{"line":230,"column":0},"end":{"line":230,"column":17}},"230":{"start":{"line":231,"column":0},"end":{"line":231,"column":10}},"231":{"start":{"line":232,"column":0},"end":{"line":232,"column":13}},"233":{"start":{"line":234,"column":0},"end":{"line":234,"column":46}},"234":{"start":{"line":235,"column":0},"end":{"line":235,"column":55}},"235":{"start":{"line":236,"column":0},"end":{"line":236,"column":56}},"236":{"start":{"line":237,"column":0},"end":{"line":237,"column":16}},"237":{"start":{"line":238,"column":0},"end":{"line":238,"column":17}},"238":{"start":{"line":239,"column":0},"end":{"line":239,"column":25}},"239":{"start":{"line":240,"column":0},"end":{"line":240,"column":27}},"240":{"start":{"line":241,"column":0},"end":{"line":241,"column":54}},"241":{"start":{"line":242,"column":0},"end":{"line":242,"column":53}},"242":{"start":{"line":243,"column":0},"end":{"line":243,"column":33}},"243":{"start":{"line":244,"column":0},"end":{"line":244,"column":32}},"244":{"start":{"line":245,"column":0},"end":{"line":245,"column":10}},"245":{"start":{"line":246,"column":0},"end":{"line":246,"column":13}},"247":{"start":{"line":248,"column":0},"end":{"line":248,"column":75}},"249":{"start":{"line":250,"column":0},"end":{"line":250,"column":18}},"250":{"start":{"line":251,"column":0},"end":{"line":251,"column":56}},"251":{"start":{"line":252,"column":0},"end":{"line":252,"column":125}},"252":{"start":{"line":253,"column":0},"end":{"line":253,"column":152}},"253":{"start":{"line":254,"column":0},"end":{"line":254,"column":15}},"254":{"start":{"line":255,"column":0},"end":{"line":255,"column":29}},"255":{"start":{"line":256,"column":0},"end":{"line":256,"column":14}},"257":{"start":{"line":258,"column":0},"end":{"line":258,"column":17}},"258":{"start":{"line":259,"column":0},"end":{"line":259,"column":12}},"259":{"start":{"line":260,"column":0},"end":{"line":260,"column":10}},"260":{"start":{"line":261,"column":0},"end":{"line":261,"column":9}},"261":{"start":{"line":262,"column":0},"end":{"line":262,"column":13}},"262":{"start":{"line":263,"column":0},"end":{"line":263,"column":8}},"264":{"start":{"line":265,"column":0},"end":{"line":265,"column":1}},"266":{"start":{"line":267,"column":0},"end":{"line":267,"column":24}}},"s":{"0":1,"1":1,"2":1,"3":1,"4":1,"7":1,"8":1,"9":1,"10":1,"11":1,"12":1,"13":1,"15":1,"16":1,"17":1,"19":1,"20":1,"21":1,"22":1,"23":1,"24":1,"25":1,"42":1,"44":1,"45":335,"46":335,"48":335,"49":335,"50":335,"51":335,"52":335,"53":335,"54":335,"55":335,"56":335,"57":335,"59":335,"60":6,"61":0,"62":0,"63":0,"64":0,"65":0,"66":0,"67":0,"68":0,"69":0,"70":0,"71":335,"73":335,"74":6,"75":6,"76":6,"77":6,"78":1,"79":6,"80":5,"81":1,"82":1,"83":1,"84":1,"85":5,"86":5,"87":5,"88":5,"89":6,"91":335,"92":6,"93":335,"95":335,"96":6,"97":6,"98":6,"100":335,"101":314,"102":314,"104":335,"105":3,"106":3,"108":3,"109":3,"110":3,"112":3,"113":3,"115":3,"116":1,"117":1,"118":1,"120":3,"121":1,"122":1,"123":1,"125":1,"127":1,"128":1,"129":3,"130":0,"131":3,"132":1,"133":1,"134":3,"136":335,"137":335,"138":335,"139":335,"140":0,"141":0,"142":0,"143":0,"144":0,"145":0,"146":0,"147":0,"149":335,"150":335,"151":335,"152":335,"153":335,"154":335,"155":7,"157":335,"158":328,"171":328,"172":328,"173":328,"174":328,"175":328,"176":328,"177":328,"178":328,"179":328,"180":328,"182":335,"183":335,"184":335,"185":335,"186":335,"187":335,"188":335,"189":335,"190":335,"191":335,"192":335,"193":335,"194":335,"195":335,"196":335,"197":335,"198":335,"199":335,"200":335,"201":335,"203":335,"204":335,"205":335,"206":335,"207":335,"208":335,"209":335,"210":335,"211":335,"212":335,"213":335,"214":335,"215":335,"216":335,"218":335,"219":335,"220":335,"221":335,"222":335,"223":335,"224":335,"225":335,"226":335,"227":335,"228":335,"229":335,"230":335,"231":335,"233":335,"234":335,"235":335,"236":335,"237":335,"238":335,"239":335,"240":335,"241":335,"242":335,"243":335,"244":335,"245":335,"247":335,"249":335,"250":3,"251":3,"252":3,"253":3,"254":3,"255":3,"257":335,"258":335,"259":335,"260":335,"261":335,"262":335,"264":335,"266":1},"branchMap":{"0":{"type":"branch","line":45,"loc":{"start":{"line":45,"column":17},"end":{"line":265,"column":1}},"locations":[{"start":{"line":45,"column":17},"end":{"line":265,"column":1}}]},"1":{"type":"branch","line":140,"loc":{"start":{"line":140,"column":4},"end":{"line":148,"column":10}},"locations":[{"start":{"line":140,"column":4},"end":{"line":148,"column":10}}]},"2":{"type":"branch","line":155,"loc":{"start":{"line":155,"column":8},"end":{"line":156,"column":65}},"locations":[{"start":{"line":155,"column":8},"end":{"line":156,"column":65}}]},"3":{"type":"branch","line":158,"loc":{"start":{"line":158,"column":9},"end":{"line":181,"column":11}},"locations":[{"start":{"line":158,"column":9},"end":{"line":181,"column":11}}]},"4":{"type":"branch","line":250,"loc":{"start":{"line":250,"column":8},"end":{"line":256,"column":14}},"locations":[{"start":{"line":250,"column":8},"end":{"line":256,"column":14}}]},"5":{"type":"branch","line":60,"loc":{"start":{"line":60,"column":11},"end":{"line":72,"column":4}},"locations":[{"start":{"line":60,"column":11},"end":{"line":72,"column":4}}]},"6":{"type":"branch","line":61,"loc":{"start":{"line":61,"column":15},"end":{"line":61,"column":57}},"locations":[{"start":{"line":61,"column":15},"end":{"line":61,"column":57}}]},"7":{"type":"branch","line":61,"loc":{"start":{"line":61,"column":57},"end":{"line":71,"column":3}},"locations":[{"start":{"line":61,"column":57},"end":{"line":71,"column":3}}]},"8":{"type":"branch","line":74,"loc":{"start":{"line":74,"column":21},"end":{"line":90,"column":3}},"locations":[{"start":{"line":74,"column":21},"end":{"line":90,"column":3}}]},"9":{"type":"branch","line":78,"loc":{"start":{"line":78,"column":22},"end":{"line":80,"column":9}},"locations":[{"start":{"line":78,"column":22},"end":{"line":80,"column":9}}]},"10":{"type":"branch","line":80,"loc":{"start":{"line":80,"column":2},"end":{"line":89,"column":3}},"locations":[{"start":{"line":80,"column":2},"end":{"line":89,"column":3}}]},"11":{"type":"branch","line":81,"loc":{"start":{"line":81,"column":31},"end":{"line":86,"column":5}},"locations":[{"start":{"line":81,"column":31},"end":{"line":86,"column":5}}]},"12":{"type":"branch","line":92,"loc":{"start":{"line":92,"column":11},"end":{"line":94,"column":4}},"locations":[{"start":{"line":92,"column":11},"end":{"line":94,"column":4}}]},"13":{"type":"branch","line":96,"loc":{"start":{"line":96,"column":20},"end":{"line":99,"column":3}},"locations":[{"start":{"line":96,"column":20},"end":{"line":99,"column":3}}]},"14":{"type":"branch","line":101,"loc":{"start":{"line":101,"column":22},"end":{"line":103,"column":3}},"locations":[{"start":{"line":101,"column":22},"end":{"line":103,"column":3}}]},"15":{"type":"branch","line":105,"loc":{"start":{"line":105,"column":22},"end":{"line":135,"column":3}},"locations":[{"start":{"line":105,"column":22},"end":{"line":135,"column":3}}]},"16":{"type":"branch","line":116,"loc":{"start":{"line":116,"column":35},"end":{"line":119,"column":3}},"locations":[{"start":{"line":116,"column":35},"end":{"line":119,"column":3}}]},"17":{"type":"branch","line":119,"loc":{"start":{"line":119,"column":2},"end":{"line":121,"column":41}},"locations":[{"start":{"line":119,"column":2},"end":{"line":121,"column":41}}]},"18":{"type":"branch","line":121,"loc":{"start":{"line":121,"column":41},"end":{"line":130,"column":22}},"locations":[{"start":{"line":121,"column":41},"end":{"line":130,"column":22}}]},"19":{"type":"branch","line":130,"loc":{"start":{"line":130,"column":22},"end":{"line":132,"column":9}},"locations":[{"start":{"line":130,"column":22},"end":{"line":132,"column":9}}]},"20":{"type":"branch","line":132,"loc":{"start":{"line":132,"column":2},"end":{"line":134,"column":3}},"locations":[{"start":{"line":132,"column":2},"end":{"line":134,"column":3}}]}},"b":{"0":[335],"1":[0],"2":[7],"3":[328],"4":[3],"5":[6],"6":[0],"7":[0],"8":[6],"9":[1],"10":[5],"11":[1],"12":[6],"13":[6],"14":[314],"15":[3],"16":[1],"17":[2],"18":[1],"19":[0],"20":[1]},"fnMap":{"0":{"name":"Schedule","decl":{"start":{"line":45,"column":17},"end":{"line":265,"column":1}},"loc":{"start":{"line":45,"column":17},"end":{"line":265,"column":1}},"line":45},"1":{"name":"fetchEvents","decl":{"start":{"line":74,"column":21},"end":{"line":90,"column":3}},"loc":{"start":{"line":74,"column":21},"end":{"line":90,"column":3}},"line":74},"2":{"name":"localToUTC","decl":{"start":{"line":96,"column":20},"end":{"line":99,"column":3}},"loc":{"start":{"line":96,"column":20},"end":{"line":99,"column":3}},"line":96},"3":{"name":"handleChange","decl":{"start":{"line":101,"column":22},"end":{"line":103,"column":3}},"loc":{"start":{"line":101,"column":22},"end":{"line":103,"column":3}},"line":101},"4":{"name":"handleSubmit","decl":{"start":{"line":105,"column":22},"end":{"line":135,"column":3}},"loc":{"start":{"line":105,"column":22},"end":{"line":135,"column":3}},"line":105}},"f":{"0":335,"1":6,"2":6,"3":314,"4":3}}
,"/home/ngmh/scheds-frontend/src/routes/Signup.tsx": {"path":"/home/ngmh/scheds-frontend/src/routes/Signup.tsx","all":false,"statementMap":{"0":{"start":{"line":1,"column":0},"end":{"line":1,"column":33}},"1":{"start":{"line":2,"column":0},"end":{"line":2,"column":47}},"2":{"start":{"line":3,"column":0},"end":{"line":3,"column":41}},"3":{"start":{"line":4,"column":0},"end":{"line":4,"column":41}},"4":{"start":{"line":5,"column":0},"end":{"line":5,"column":24}},"5":{"start":{"line":6,"column":0},"end":{"line":6,"column":37}},"7":{"start":{"line":8,"column":0},"end":{"line":8,"column":22}},"8":{"start":{"line":9,"column":0},"end":{"line":9,"column":32}},"10":{"start":{"line":11,"column":0},"end":{"line":11,"column":35}},"11":{"start":{"line":12,"column":0},"end":{"line":12,"column":15}},"12":{"start":{"line":13,"column":0},"end":{"line":13,"column":12}},"13":{"start":{"line":14,"column":0},"end":{"line":14,"column":15}},"14":{"start":{"line":15,"column":0},"end":{"line":15,"column":4}},"15":{"start":{"line":16,"column":0},"end":{"line":16,"column":40}},"17":{"start":{"line":18,"column":0},"end":{"line":18,"column":71}},"18":{"start":{"line":19,"column":0},"end":{"line":19,"column":65}},"19":{"start":{"line":20,"column":0},"end":{"line":20,"column":3}},"21":{"start":{"line":22,"column":0},"end":{"line":22,"column":57}},"22":{"start":{"line":23,"column":0},"end":{"line":23,"column":25}},"23":{"start":{"line":24,"column":0},"end":{"line":24,"column":15}},"25":{"start":{"line":26,"column":0},"end":{"line":26,"column":37}},"26":{"start":{"line":27,"column":0},"end":{"line":27,"column":23}},"27":{"start":{"line":28,"column":0},"end":{"line":28,"column":23}},"28":{"start":{"line":29,"column":0},"end":{"line":29,"column":10}},"29":{"start":{"line":30,"column":0},"end":{"line":30,"column":37}},"30":{"start":{"line":31,"column":0},"end":{"line":31,"column":63}},"31":{"start":{"line":32,"column":0},"end":{"line":32,"column":3}},"32":{"start":{"line":33,"column":0},"end":{"line":33,"column":3}},"34":{"start":{"line":35,"column":0},"end":{"line":35,"column":9}},"35":{"start":{"line":36,"column":0},"end":{"line":36,"column":46}},"36":{"start":{"line":37,"column":0},"end":{"line":37,"column":13}},"37":{"start":{"line":38,"column":0},"end":{"line":38,"column":8}},"38":{"start":{"line":39,"column":0},"end":{"line":39,"column":27}},"39":{"start":{"line":40,"column":0},"end":{"line":40,"column":99}},"41":{"start":{"line":42,"column":0},"end":{"line":42,"column":74}},"42":{"start":{"line":43,"column":0},"end":{"line":43,"column":69}},"44":{"start":{"line":45,"column":0},"end":{"line":45,"column":35}},"45":{"start":{"line":46,"column":0},"end":{"line":46,"column":50}},"46":{"start":{"line":47,"column":0},"end":{"line":47,"column":51}},"47":{"start":{"line":48,"column":0},"end":{"line":48,"column":14}},"48":{"start":{"line":49,"column":0},"end":{"line":49,"column":12}},"49":{"start":{"line":50,"column":0},"end":{"line":50,"column":20}},"50":{"start":{"line":51,"column":0},"end":{"line":51,"column":22}},"51":{"start":{"line":52,"column":0},"end":{"line":52,"column":18}},"52":{"start":{"line":53,"column":0},"end":{"line":53,"column":39}},"53":{"start":{"line":54,"column":0},"end":{"line":54,"column":28}},"54":{"start":{"line":55,"column":0},"end":{"line":55,"column":30}},"55":{"start":{"line":56,"column":0},"end":{"line":56,"column":15}},"56":{"start":{"line":57,"column":0},"end":{"line":57,"column":8}},"57":{"start":{"line":58,"column":0},"end":{"line":58,"column":11}},"59":{"start":{"line":60,"column":0},"end":{"line":60,"column":35}},"60":{"start":{"line":61,"column":0},"end":{"line":61,"column":47}},"61":{"start":{"line":62,"column":0},"end":{"line":62,"column":48}},"62":{"start":{"line":63,"column":0},"end":{"line":63,"column":14}},"63":{"start":{"line":64,"column":0},"end":{"line":64,"column":12}},"64":{"start":{"line":65,"column":0},"end":{"line":65,"column":17}},"65":{"start":{"line":66,"column":0},"end":{"line":66,"column":19}},"66":{"start":{"line":67,"column":0},"end":{"line":67,"column":19}},"67":{"start":{"line":68,"column":0},"end":{"line":68,"column":39}},"68":{"start":{"line":69,"column":0},"end":{"line":69,"column":25}},"69":{"start":{"line":70,"column":0},"end":{"line":70,"column":30}},"70":{"start":{"line":71,"column":0},"end":{"line":71,"column":15}},"71":{"start":{"line":72,"column":0},"end":{"line":72,"column":8}},"72":{"start":{"line":73,"column":0},"end":{"line":73,"column":11}},"74":{"start":{"line":75,"column":0},"end":{"line":75,"column":35}},"75":{"start":{"line":76,"column":0},"end":{"line":76,"column":50}},"76":{"start":{"line":77,"column":0},"end":{"line":77,"column":51}},"77":{"start":{"line":78,"column":0},"end":{"line":78,"column":14}},"78":{"start":{"line":79,"column":0},"end":{"line":79,"column":12}},"79":{"start":{"line":80,"column":0},"end":{"line":80,"column":20}},"80":{"start":{"line":81,"column":0},"end":{"line":81,"column":22}},"81":{"start":{"line":82,"column":0},"end":{"line":82,"column":22}},"82":{"start":{"line":83,"column":0},"end":{"line":83,"column":39}},"83":{"start":{"line":84,"column":0},"end":{"line":84,"column":28}},"84":{"start":{"line":85,"column":0},"end":{"line":85,"column":30}},"85":{"start":{"line":86,"column":0},"end":{"line":86,"column":15}},"86":{"start":{"line":87,"column":0},"end":{"line":87,"column":8}},"87":{"start":{"line":88,"column":0},"end":{"line":88,"column":11}},"89":{"start":{"line":90,"column":0},"end":{"line":90,"column":67}},"91":{"start":{"line":92,"column":0},"end":{"line":92,"column":14}},"93":{"start":{"line":94,"column":0},"end":{"line":94,"column":16}},"94":{"start":{"line":95,"column":0},"end":{"line":95,"column":54}},"95":{"start":{"line":96,"column":0},"end":{"line":96,"column":123}},"96":{"start":{"line":97,"column":0},"end":{"line":97,"column":150}},"97":{"start":{"line":98,"column":0},"end":{"line":98,"column":13}},"98":{"start":{"line":99,"column":0},"end":{"line":99,"column":27}},"99":{"start":{"line":100,"column":0},"end":{"line":100,"column":12}},"101":{"start":{"line":102,"column":0},"end":{"line":102,"column":15}},"102":{"start":{"line":103,"column":0},"end":{"line":103,"column":10}},"103":{"start":{"line":104,"column":0},"end":{"line":104,"column":13}},"104":{"start":{"line":105,"column":0},"end":{"line":105,"column":8}},"106":{"start":{"line":107,"column":0},"end":{"line":107,"column":1}},"108":{"start":{"line":109,"column":0},"end":{"line":109,"column":22}}},"s":{"0":1,"1":1,"2":1,"3":1,"4":1,"5":1,"7":1,"8":74,"10":74,"11":74,"12":74,"13":74,"14":74,"15":74,"17":74,"18":68,"19":68,"21":74,"22":2,"23":2,"25":2,"26":2,"27":1,"28":1,"29":1,"30":1,"31":1,"32":2,"34":74,"35":74,"36":74,"37":74,"38":74,"39":74,"41":74,"42":74,"44":74,"45":74,"46":74,"47":74,"48":74,"49":74,"50":74,"51":74,"52":74,"53":74,"54":74,"55":74,"56":74,"57":74,"59":74,"60":74,"61":74,"62":74,"63":74,"64":74,"65":74,"66":74,"67":74,"68":74,"69":74,"70":74,"71":74,"72":74,"74":74,"75":74,"76":74,"77":74,"78":74,"79":74,"80":74,"81":74,"82":74,"83":74,"84":74,"85":74,"86":74,"87":74,"89":74,"91":74,"93":74,"94":1,"95":1,"96":1,"97":1,"98":1,"99":1,"101":74,"102":74,"103":74,"104":74,"106":74,"108":1},"branchMap":{"0":{"type":"branch","line":8,"loc":{"start":{"line":8,"column":15},"end":{"line":107,"column":1}},"locations":[{"start":{"line":8,"column":15},"end":{"line":107,"column":1}}]},"1":{"type":"branch","line":94,"loc":{"start":{"line":94,"column":6},"end":{"line":100,"column":12}},"locations":[{"start":{"line":94,"column":6},"end":{"line":100,"column":12}}]},"2":{"type":"branch","line":18,"loc":{"start":{"line":18,"column":22},"end":{"line":20,"column":3}},"locations":[{"start":{"line":18,"column":22},"end":{"line":20,"column":3}}]},"3":{"type":"branch","line":22,"loc":{"start":{"line":22,"column":22},"end":{"line":33,"column":3}},"locations":[{"start":{"line":22,"column":22},"end":{"line":33,"column":3}}]},"4":{"type":"branch","line":27,"loc":{"start":{"line":27,"column":22},"end":{"line":32,"column":3}},"locations":[{"start":{"line":27,"column":22},"end":{"line":32,"column":3}}]}},"b":{"0":[74],"1":[1],"2":[68],"3":[2],"4":[1]},"fnMap":{"0":{"name":"Signup","decl":{"start":{"line":8,"column":15},"end":{"line":107,"column":1}},"loc":{"start":{"line":8,"column":15},"end":{"line":107,"column":1}},"line":8},"1":{"name":"handleChange","decl":{"start":{"line":18,"column":22},"end":{"line":20,"column":3}},"loc":{"start":{"line":18,"column":22},"end":{"line":20,"column":3}},"line":18},"2":{"name":"handleSubmit","decl":{"start":{"line":22,"column":22},"end":{"line":33,"column":3}},"loc":{"start":{"line":22,"column":22},"end":{"line":33,"column":3}},"line":22}},"f":{"0":74,"1":68,"2":2}}
,"/home/ngmh/scheds-frontend/src/routes/storage.ts": {"path":"/home/ngmh/scheds-frontend/src/routes/storage.ts","all":false,"statementMap":{"0":{"start":{"line":1,"column":0},"end":{"line":1,"column":62}},"1":{"start":{"line":2,"column":0},"end":{"line":2,"column":50}},"2":{"start":{"line":3,"column":0},"end":{"line":3,"column":1}},"4":{"start":{"line":5,"column":0},"end":{"line":5,"column":56}},"5":{"start":{"line":6,"column":0},"end":{"line":6,"column":40}},"6":{"start":{"line":7,"column":0},"end":{"line":7,"column":44}},"7":{"start":{"line":8,"column":0},"end":{"line":8,"column":1}},"9":{"start":{"line":10,"column":0},"end":{"line":10,"column":53}},"10":{"start":{"line":11,"column":0},"end":{"line":11,"column":30}},"11":{"start":{"line":12,"column":0},"end":{"line":12,"column":1}}},"s":{"0":1,"1":1,"2":1,"4":1,"5":12,"6":12,"7":12,"9":1,"10":1,"11":1},"branchMap":{"0":{"type":"branch","line":1,"loc":{"start":{"line":1,"column":24},"end":{"line":3,"column":1}},"locations":[{"start":{"line":1,"column":24},"end":{"line":3,"column":1}}]},"1":{"type":"branch","line":5,"loc":{"start":{"line":5,"column":24},"end":{"line":8,"column":1}},"locations":[{"start":{"line":5,"column":24},"end":{"line":8,"column":1}}]},"2":{"type":"branch","line":7,"loc":{"start":{"line":7,"column":8},"end":{"line":7,"column":39}},"locations":[{"start":{"line":7,"column":8},"end":{"line":7,"column":39}}]},"3":{"type":"branch","line":7,"loc":{"start":{"line":7,"column":30},"end":{"line":7,"column":44}},"locations":[{"start":{"line":7,"column":30},"end":{"line":7,"column":44}}]},"4":{"type":"branch","line":10,"loc":{"start":{"line":10,"column":27},"end":{"line":12,"column":1}},"locations":[{"start":{"line":10,"column":27},"end":{"line":12,"column":1}}]}},"b":{"0":[1],"1":[12],"2":[1],"3":[11],"4":[1]},"fnMap":{"0":{"name":"setLocal","decl":{"start":{"line":1,"column":24},"end":{"line":3,"column":1}},"loc":{"start":{"line":1,"column":24},"end":{"line":3,"column":1}},"line":1},"1":{"name":"getLocal","decl":{"start":{"line":5,"column":24},"end":{"line":8,"column":1}},"loc":{"start":{"line":5,"column":24},"end":{"line":8,"column":1}},"line":5},"2":{"name":"removeLocal","decl":{"start":{"line":10,"column":27},"end":{"line":12,"column":1}},"loc":{"start":{"line":10,"column":27},"end":{"line":12,"column":1}},"line":10}},"f":{"0":1,"1":12,"2":1}}
,"/home/ngmh/scheds-frontend/src/routes/api/auth.ts": {"path":"/home/ngmh/scheds-frontend/src/routes/api/auth.ts","all":false,"statementMap":{"0":{"start":{"line":1,"column":0},"end":{"line":1,"column":26}},"6":{"start":{"line":7,"column":0},"end":{"line":7,"column":2}},"11":{"start":{"line":12,"column":0},"end":{"line":12,"column":2}},"13":{"start":{"line":14,"column":0},"end":{"line":14,"column":51}},"14":{"start":{"line":15,"column":0},"end":{"line":15,"column":65}},"15":{"start":{"line":16,"column":0},"end":{"line":16,"column":62}},"16":{"start":{"line":17,"column":0},"end":{"line":17,"column":3}},"17":{"start":{"line":18,"column":0},"end":{"line":18,"column":54}},"18":{"start":{"line":19,"column":0},"end":{"line":19,"column":24}},"19":{"start":{"line":20,"column":0},"end":{"line":20,"column":4}},"20":{"start":{"line":21,"column":0},"end":{"line":21,"column":16}},"21":{"start":{"line":22,"column":0},"end":{"line":22,"column":19}},"22":{"start":{"line":23,"column":0},"end":{"line":23,"column":4}},"23":{"start":{"line":24,"column":0},"end":{"line":24,"column":16}},"24":{"start":{"line":25,"column":0},"end":{"line":25,"column":34}},"25":{"start":{"line":26,"column":0},"end":{"line":26,"column":5}},"26":{"start":{"line":27,"column":0},"end":{"line":27,"column":12}},"27":{"start":{"line":28,"column":0},"end":{"line":28,"column":2}},"29":{"start":{"line":30,"column":0},"end":{"line":30,"column":49}},"30":{"start":{"line":31,"column":0},"end":{"line":31,"column":65}},"31":{"start":{"line":32,"column":0},"end":{"line":32,"column":61}},"32":{"start":{"line":33,"column":0},"end":{"line":33,"column":3}},"33":{"start":{"line":34,"column":0},"end":{"line":34,"column":54}},"34":{"start":{"line":35,"column":0},"end":{"line":35,"column":24}},"35":{"start":{"line":36,"column":0},"end":{"line":36,"column":4}},"36":{"start":{"line":37,"column":0},"end":{"line":37,"column":16}},"37":{"start":{"line":38,"column":0},"end":{"line":38,"column":19}},"38":{"start":{"line":39,"column":0},"end":{"line":39,"column":4}},"39":{"start":{"line":40,"column":0},"end":{"line":40,"column":16}},"40":{"start":{"line":41,"column":0},"end":{"line":41,"column":34}},"41":{"start":{"line":42,"column":0},"end":{"line":42,"column":5}},"42":{"start":{"line":43,"column":0},"end":{"line":43,"column":12}},"43":{"start":{"line":44,"column":0},"end":{"line":44,"column":2}},"45":{"start":{"line":46,"column":0},"end":{"line":46,"column":35}},"46":{"start":{"line":47,"column":0},"end":{"line":47,"column":65}},"47":{"start":{"line":48,"column":0},"end":{"line":48,"column":62}},"48":{"start":{"line":49,"column":0},"end":{"line":49,"column":24}},"49":{"start":{"line":50,"column":0},"end":{"line":50,"column":4}},"50":{"start":{"line":51,"column":0},"end":{"line":51,"column":16}},"51":{"start":{"line":52,"column":0},"end":{"line":52,"column":19}},"52":{"start":{"line":53,"column":0},"end":{"line":53,"column":4}},"53":{"start":{"line":54,"column":0},"end":{"line":54,"column":16}},"54":{"start":{"line":55,"column":0},"end":{"line":55,"column":34}},"55":{"start":{"line":56,"column":0},"end":{"line":56,"column":5}},"56":{"start":{"line":57,"column":0},"end":{"line":57,"column":12}},"57":{"start":{"line":58,"column":0},"end":{"line":58,"column":1}}},"s":{"0":1,"6":1,"11":1,"13":1,"14":2,"15":2,"16":2,"17":2,"18":2,"19":2,"20":2,"21":1,"22":2,"23":2,"24":1,"25":2,"26":2,"27":2,"29":1,"30":2,"31":2,"32":2,"33":2,"34":2,"35":2,"36":2,"37":1,"38":2,"39":2,"40":1,"41":2,"42":2,"43":2,"45":1,"46":2,"47":2,"48":2,"49":2,"50":2,"51":1,"52":2,"53":2,"54":1,"55":2,"56":2,"57":2},"branchMap":{"0":{"type":"branch","line":14,"loc":{"start":{"line":14,"column":22},"end":{"line":28,"column":2}},"locations":[{"start":{"line":14,"column":22},"end":{"line":28,"column":2}}]},"1":{"type":"branch","line":21,"loc":{"start":{"line":21,"column":8},"end":{"line":23,"column":3}},"locations":[{"start":{"line":21,"column":8},"end":{"line":23,"column":3}}]},"2":{"type":"branch","line":24,"loc":{"start":{"line":24,"column":9},"end":{"line":26,"column":3}},"locations":[{"start":{"line":24,"column":9},"end":{"line":26,"column":3}}]},"3":{"type":"branch","line":30,"loc":{"start":{"line":30,"column":21},"end":{"line":44,"column":2}},"locations":[{"start":{"line":30,"column":21},"end":{"line":44,"column":2}}]},"4":{"type":"branch","line":37,"loc":{"start":{"line":37,"column":8},"end":{"line":39,"column":3}},"locations":[{"start":{"line":37,"column":8},"end":{"line":39,"column":3}}]},"5":{"type":"branch","line":40,"loc":{"start":{"line":40,"column":9},"end":{"line":42,"column":3}},"locations":[{"start":{"line":40,"column":9},"end":{"line":42,"column":3}}]},"6":{"type":"branch","line":46,"loc":{"start":{"line":46,"column":22},"end":{"line":58,"column":1}},"locations":[{"start":{"line":46,"column":22},"end":{"line":58,"column":1}}]},"7":{"type":"branch","line":51,"loc":{"start":{"line":51,"column":8},"end":{"line":53,"column":3}},"locations":[{"start":{"line":51,"column":8},"end":{"line":53,"column":3}}]},"8":{"type":"branch","line":54,"loc":{"start":{"line":54,"column":9},"end":{"line":56,"column":3}},"locations":[{"start":{"line":54,"column":9},"end":{"line":56,"column":3}}]}},"b":{"0":[2],"1":[1],"2":[1],"3":[2],"4":[1],"5":[1],"6":[2],"7":[1],"8":[1]},"fnMap":{"0":{"name":"signup","decl":{"start":{"line":14,"column":22},"end":{"line":28,"column":2}},"loc":{"start":{"line":14,"column":22},"end":{"line":28,"column":2}},"line":14},"1":{"name":"login","decl":{"start":{"line":30,"column":21},"end":{"line":44,"column":2}},"loc":{"start":{"line":30,"column":21},"end":{"line":44,"column":2}},"line":30},"2":{"name":"logout","decl":{"start":{"line":46,"column":22},"end":{"line":58,"column":1}},"loc":{"start":{"line":46,"column":22},"end":{"line":58,"column":1}},"line":46}},"f":{"0":2,"1":2,"2":2}}
,"/home/ngmh/scheds-frontend/src/routes/api/index.ts": {"path":"/home/ngmh/scheds-frontend/src/routes/api/index.ts","all":false,"statementMap":{"0":{"start":{"line":1,"column":0},"end":{"line":1,"column":31}},"1":{"start":{"line":2,"column":0},"end":{"line":2,"column":39}},"3":{"start":{"line":4,"column":0},"end":{"line":4,"column":13}},"4":{"start":{"line":5,"column":0},"end":{"line":5,"column":9}},"5":{"start":{"line":6,"column":0},"end":{"line":6,"column":13}},"6":{"start":{"line":7,"column":0},"end":{"line":7,"column":2}},"8":{"start":{"line":9,"column":0},"end":{"line":9,"column":19}}},"s":{"0":1,"1":1,"3":1,"4":1,"5":1,"6":1,"8":1},"branchMap":{},"b":{},"fnMap":{},"f":{}}
,"/home/ngmh/scheds-frontend/src/routes/api/schedule.ts": {"path":"/home/ngmh/scheds-frontend/src/routes/api/schedule.ts","all":false,"statementMap":{"0":{"start":{"line":1,"column":0},"end":{"line":1,"column":26}},"7":{"start":{"line":8,"column":0},"end":{"line":8,"column":2}},"9":{"start":{"line":10,"column":0},"end":{"line":10,"column":61}},"10":{"start":{"line":11,"column":0},"end":{"line":11,"column":65}},"11":{"start":{"line":12,"column":0},"end":{"line":12,"column":77}},"12":{"start":{"line":13,"column":0},"end":{"line":13,"column":3}},"13":{"start":{"line":14,"column":0},"end":{"line":14,"column":54}},"14":{"start":{"line":15,"column":0},"end":{"line":15,"column":24}},"15":{"start":{"line":16,"column":0},"end":{"line":16,"column":4}},"16":{"start":{"line":17,"column":0},"end":{"line":17,"column":16}},"17":{"start":{"line":18,"column":0},"end":{"line":18,"column":19}},"18":{"start":{"line":19,"column":0},"end":{"line":19,"column":4}},"19":{"start":{"line":20,"column":0},"end":{"line":20,"column":16}},"20":{"start":{"line":21,"column":0},"end":{"line":21,"column":34}},"21":{"start":{"line":22,"column":0},"end":{"line":22,"column":5}},"22":{"start":{"line":23,"column":0},"end":{"line":23,"column":12}},"23":{"start":{"line":24,"column":0},"end":{"line":24,"column":2}},"25":{"start":{"line":26,"column":0},"end":{"line":26,"column":38}},"26":{"start":{"line":27,"column":0},"end":{"line":27,"column":65}},"27":{"start":{"line":28,"column":0},"end":{"line":28,"column":64}},"28":{"start":{"line":29,"column":0},"end":{"line":29,"column":3}},"29":{"start":{"line":30,"column":0},"end":{"line":30,"column":54}},"30":{"start":{"line":31,"column":0},"end":{"line":31,"column":24}},"31":{"start":{"line":32,"column":0},"end":{"line":32,"column":4}},"32":{"start":{"line":33,"column":0},"end":{"line":33,"column":16}},"33":{"start":{"line":34,"column":0},"end":{"line":34,"column":19}},"34":{"start":{"line":35,"column":0},"end":{"line":35,"column":4}},"35":{"start":{"line":36,"column":0},"end":{"line":36,"column":16}},"36":{"start":{"line":37,"column":0},"end":{"line":37,"column":34}},"37":{"start":{"line":38,"column":0},"end":{"line":38,"column":5}},"38":{"start":{"line":39,"column":0},"end":{"line":39,"column":12}},"39":{"start":{"line":40,"column":0},"end":{"line":40,"column":2}}},"s":{"0":1,"7":1,"9":1,"10":2,"11":2,"12":2,"13":2,"14":2,"15":2,"16":2,"17":1,"18":2,"19":2,"20":1,"21":2,"22":2,"23":2,"25":1,"26":2,"27":2,"28":2,"29":2,"30":2,"31":2,"32":2,"33":1,"34":2,"35":2,"36":1,"37":2,"38":2,"39":2},"branchMap":{"0":{"type":"branch","line":10,"loc":{"start":{"line":10,"column":27},"end":{"line":24,"column":2}},"locations":[{"start":{"line":10,"column":27},"end":{"line":24,"column":2}}]},"1":{"type":"branch","line":17,"loc":{"start":{"line":17,"column":8},"end":{"line":19,"column":3}},"locations":[{"start":{"line":17,"column":8},"end":{"line":19,"column":3}}]},"2":{"type":"branch","line":20,"loc":{"start":{"line":20,"column":9},"end":{"line":22,"column":3}},"locations":[{"start":{"line":20,"column":9},"end":{"line":22,"column":3}}]},"3":{"type":"branch","line":26,"loc":{"start":{"line":26,"column":25},"end":{"line":40,"column":2}},"locations":[{"start":{"line":26,"column":25},"end":{"line":40,"column":2}}]},"4":{"type":"branch","line":33,"loc":{"start":{"line":33,"column":8},"end":{"line":35,"column":3}},"locations":[{"start":{"line":33,"column":8},"end":{"line":35,"column":3}}]},"5":{"type":"branch","line":36,"loc":{"start":{"line":36,"column":9},"end":{"line":38,"column":3}},"locations":[{"start":{"line":36,"column":9},"end":{"line":38,"column":3}}]}},"b":{"0":[2],"1":[1],"2":[1],"3":[2],"4":[1],"5":[1]},"fnMap":{"0":{"name":"createEvent","decl":{"start":{"line":10,"column":27},"end":{"line":24,"column":2}},"loc":{"start":{"line":10,"column":27},"end":{"line":24,"column":2}},"line":10},"1":{"name":"getEvents","decl":{"start":{"line":26,"column":25},"end":{"line":40,"column":2}},"loc":{"start":{"line":26,"column":25},"end":{"line":40,"column":2}},"line":26}},"f":{"0":2,"1":2}}
,"/home/ngmh/scheds-frontend/src/routes/components/Footer.tsx": {"path":"/home/ngmh/scheds-frontend/src/routes/components/Footer.tsx","all":false,"statementMap":{"0":{"start":{"line":1,"column":0},"end":{"line":1,"column":22}},"1":{"start":{"line":2,"column":0},"end":{"line":2,"column":9}},"2":{"start":{"line":3,"column":0},"end":{"line":3,"column":98}},"3":{"start":{"line":4,"column":0},"end":{"line":4,"column":8}},"4":{"start":{"line":5,"column":0},"end":{"line":5,"column":68}},"5":{"start":{"line":6,"column":0},"end":{"line":6,"column":9}},"6":{"start":{"line":7,"column":0},"end":{"line":7,"column":11}},"8":{"start":{"line":9,"column":0},"end":{"line":9,"column":2}},"10":{"start":{"line":11,"column":0},"end":{"line":11,"column":22}}},"s":{"0":1,"1":466,"2":466,"3":466,"4":466,"5":466,"6":466,"8":466,"10":1},"branchMap":{"0":{"type":"branch","line":1,"loc":{"start":{"line":1,"column":15},"end":{"line":9,"column":2}},"locations":[{"start":{"line":1,"column":15},"end":{"line":9,"column":2}}]}},"b":{"0":[466]},"fnMap":{"0":{"name":"Footer","decl":{"start":{"line":1,"column":15},"end":{"line":9,"column":2}},"loc":{"start":{"line":1,"column":15},"end":{"line":9,"column":2}},"line":1}},"f":{"0":466}}
,"/home/ngmh/scheds-frontend/src/routes/components/Navbar.tsx": {"path":"/home/ngmh/scheds-frontend/src/routes/components/Navbar.tsx","all":false,"statementMap":{"0":{"start":{"line":1,"column":0},"end":{"line":1,"column":44}},"1":{"start":{"line":2,"column":0},"end":{"line":2,"column":47}},"2":{"start":{"line":3,"column":0},"end":{"line":3,"column":25}},"3":{"start":{"line":4,"column":0},"end":{"line":4,"column":51}},"14":{"start":{"line":15,"column":0},"end":{"line":15,"column":22}},"15":{"start":{"line":16,"column":0},"end":{"line":16,"column":32}},"17":{"start":{"line":18,"column":0},"end":{"line":18,"column":74}},"19":{"start":{"line":20,"column":0},"end":{"line":20,"column":18}},"20":{"start":{"line":21,"column":0},"end":{"line":21,"column":42}},"21":{"start":{"line":22,"column":0},"end":{"line":22,"column":8}},"23":{"start":{"line":24,"column":0},"end":{"line":24,"column":35}},"24":{"start":{"line":25,"column":0},"end":{"line":25,"column":21}},"25":{"start":{"line":26,"column":0},"end":{"line":26,"column":29}},"26":{"start":{"line":27,"column":0},"end":{"line":27,"column":23}},"27":{"start":{"line":28,"column":0},"end":{"line":28,"column":62}},"28":{"start":{"line":29,"column":0},"end":{"line":29,"column":3}},"30":{"start":{"line":31,"column":0},"end":{"line":31,"column":9}},"31":{"start":{"line":32,"column":0},"end":{"line":32,"column":7}},"32":{"start":{"line":33,"column":0},"end":{"line":33,"column":54}},"33":{"start":{"line":34,"column":0},"end":{"line":34,"column":28}},"34":{"start":{"line":35,"column":0},"end":{"line":35,"column":74}},"35":{"start":{"line":36,"column":0},"end":{"line":36,"column":10}},"38":{"start":{"line":39,"column":0},"end":{"line":39,"column":42}},"39":{"start":{"line":40,"column":0},"end":{"line":40,"column":51}},"40":{"start":{"line":41,"column":0},"end":{"line":41,"column":22}},"41":{"start":{"line":42,"column":0},"end":{"line":42,"column":8}},"42":{"start":{"line":43,"column":0},"end":{"line":43,"column":65}},"43":{"start":{"line":44,"column":0},"end":{"line":44,"column":9}},"45":{"start":{"line":46,"column":0},"end":{"line":46,"column":23}},"46":{"start":{"line":47,"column":0},"end":{"line":47,"column":8}},"47":{"start":{"line":48,"column":0},"end":{"line":48,"column":59}},"48":{"start":{"line":49,"column":0},"end":{"line":49,"column":62}},"49":{"start":{"line":50,"column":0},"end":{"line":50,"column":9}},"51":{"start":{"line":52,"column":0},"end":{"line":52,"column":10}},"54":{"start":{"line":55,"column":0},"end":{"line":55,"column":21}},"55":{"start":{"line":56,"column":0},"end":{"line":56,"column":51}},"57":{"start":{"line":58,"column":0},"end":{"line":58,"column":51}},"58":{"start":{"line":59,"column":0},"end":{"line":59,"column":34}},"59":{"start":{"line":60,"column":0},"end":{"line":60,"column":12}},"60":{"start":{"line":61,"column":0},"end":{"line":61,"column":43}},"61":{"start":{"line":62,"column":0},"end":{"line":62,"column":28}},"62":{"start":{"line":63,"column":0},"end":{"line":63,"column":20}},"63":{"start":{"line":64,"column":0},"end":{"line":64,"column":28}},"64":{"start":{"line":65,"column":0},"end":{"line":65,"column":30}},"66":{"start":{"line":67,"column":0},"end":{"line":67,"column":272}},"67":{"start":{"line":68,"column":0},"end":{"line":68,"column":14}},"70":{"start":{"line":71,"column":0},"end":{"line":71,"column":77}},"71":{"start":{"line":72,"column":0},"end":{"line":72,"column":13}},"72":{"start":{"line":73,"column":0},"end":{"line":73,"column":15}},"75":{"start":{"line":76,"column":0},"end":{"line":76,"column":45}},"76":{"start":{"line":77,"column":0},"end":{"line":77,"column":71}},"77":{"start":{"line":78,"column":0},"end":{"line":78,"column":43}},"79":{"start":{"line":80,"column":0},"end":{"line":80,"column":13}},"80":{"start":{"line":81,"column":0},"end":{"line":81,"column":27}},"81":{"start":{"line":82,"column":0},"end":{"line":82,"column":35}},"82":{"start":{"line":83,"column":0},"end":{"line":83,"column":11}},"83":{"start":{"line":84,"column":0},"end":{"line":84,"column":14}},"84":{"start":{"line":85,"column":0},"end":{"line":85,"column":15}},"85":{"start":{"line":86,"column":0},"end":{"line":86,"column":10}},"86":{"start":{"line":87,"column":0},"end":{"line":87,"column":20}},"87":{"start":{"line":88,"column":0},"end":{"line":88,"column":100}},"89":{"start":{"line":90,"column":0},"end":{"line":90,"column":12}},"90":{"start":{"line":91,"column":0},"end":{"line":91,"column":64}},"91":{"start":{"line":92,"column":0},"end":{"line":92,"column":32}},"92":{"start":{"line":93,"column":0},"end":{"line":93,"column":16}},"93":{"start":{"line":94,"column":0},"end":{"line":94,"column":13}},"94":{"start":{"line":95,"column":0},"end":{"line":95,"column":31}},"95":{"start":{"line":96,"column":0},"end":{"line":96,"column":32}},"96":{"start":{"line":97,"column":0},"end":{"line":97,"column":53}},"97":{"start":{"line":98,"column":0},"end":{"line":98,"column":12}},"98":{"start":{"line":99,"column":0},"end":{"line":99,"column":12}},"99":{"start":{"line":100,"column":0},"end":{"line":100,"column":11}},"103":{"start":{"line":104,"column":0},"end":{"line":104,"column":58}},"104":{"start":{"line":105,"column":0},"end":{"line":105,"column":51}},"105":{"start":{"line":106,"column":0},"end":{"line":106,"column":10}},"106":{"start":{"line":107,"column":0},"end":{"line":107,"column":41}},"107":{"start":{"line":108,"column":0},"end":{"line":108,"column":26}},"108":{"start":{"line":109,"column":0},"end":{"line":109,"column":18}},"109":{"start":{"line":110,"column":0},"end":{"line":110,"column":26}},"110":{"start":{"line":111,"column":0},"end":{"line":111,"column":28}},"112":{"start":{"line":113,"column":0},"end":{"line":113,"column":104}},"113":{"start":{"line":114,"column":0},"end":{"line":114,"column":12}},"114":{"start":{"line":115,"column":0},"end":{"line":115,"column":13}},"115":{"start":{"line":116,"column":0},"end":{"line":116,"column":8}},"116":{"start":{"line":117,"column":0},"end":{"line":117,"column":18}},"117":{"start":{"line":118,"column":0},"end":{"line":118,"column":98}},"119":{"start":{"line":120,"column":0},"end":{"line":120,"column":35}},"120":{"start":{"line":121,"column":0},"end":{"line":121,"column":23}},"121":{"start":{"line":122,"column":0},"end":{"line":122,"column":9}},"122":{"start":{"line":123,"column":0},"end":{"line":123,"column":49}},"123":{"start":{"line":124,"column":0},"end":{"line":124,"column":10}},"125":{"start":{"line":126,"column":0},"end":{"line":126,"column":24}},"126":{"start":{"line":127,"column":0},"end":{"line":127,"column":9}},"127":{"start":{"line":128,"column":0},"end":{"line":128,"column":43}},"128":{"start":{"line":129,"column":0},"end":{"line":129,"column":46}},"129":{"start":{"line":130,"column":0},"end":{"line":130,"column":10}},"131":{"start":{"line":132,"column":0},"end":{"line":132,"column":10}},"132":{"start":{"line":133,"column":0},"end":{"line":133,"column":10}},"133":{"start":{"line":134,"column":0},"end":{"line":134,"column":9}},"134":{"start":{"line":135,"column":0},"end":{"line":135,"column":8}},"136":{"start":{"line":137,"column":0},"end":{"line":137,"column":1}},"138":{"start":{"line":139,"column":0},"end":{"line":139,"column":22}}},"s":{"0":1,"1":1,"2":1,"3":1,"14":1,"15":478,"17":478,"19":478,"20":19,"21":478,"23":478,"24":1,"25":1,"26":1,"27":1,"28":1,"30":478,"31":478,"32":478,"33":478,"34":478,"35":478,"38":478,"39":478,"40":478,"41":2,"42":2,"43":2,"45":478,"46":476,"47":476,"48":476,"49":476,"51":478,"54":478,"55":2,"57":2,"58":2,"59":2,"60":2,"61":2,"62":2,"63":2,"64":2,"66":2,"67":2,"70":2,"71":2,"72":2,"75":2,"76":2,"77":2,"79":2,"80":2,"81":2,"82":2,"83":2,"84":2,"85":2,"86":2,"87":2,"89":2,"90":2,"91":2,"92":2,"93":2,"94":2,"95":2,"96":2,"97":2,"98":2,"99":2,"103":478,"104":478,"105":478,"106":478,"107":478,"108":478,"109":478,"110":478,"112":478,"113":478,"114":478,"115":478,"116":478,"117":478,"119":478,"120":478,"121":2,"122":2,"123":2,"125":478,"126":476,"127":476,"128":476,"129":476,"131":478,"132":478,"133":478,"134":478,"136":478,"138":1},"branchMap":{"0":{"type":"branch","line":15,"loc":{"start":{"line":15,"column":15},"end":{"line":137,"column":1}},"locations":[{"start":{"line":15,"column":15},"end":{"line":137,"column":1}}]},"1":{"type":"branch","line":41,"loc":{"start":{"line":41,"column":6},"end":{"line":44,"column":9}},"locations":[{"start":{"line":41,"column":6},"end":{"line":44,"column":9}}]},"2":{"type":"branch","line":46,"loc":{"start":{"line":46,"column":7},"end":{"line":50,"column":9}},"locations":[{"start":{"line":46,"column":7},"end":{"line":50,"column":9}}]},"3":{"type":"branch","line":55,"loc":{"start":{"line":55,"column":5},"end":{"line":100,"column":11}},"locations":[{"start":{"line":55,"column":5},"end":{"line":100,"column":11}}]},"4":{"type":"branch","line":121,"loc":{"start":{"line":121,"column":7},"end":{"line":124,"column":10}},"locations":[{"start":{"line":121,"column":7},"end":{"line":124,"column":10}}]},"5":{"type":"branch","line":126,"loc":{"start":{"line":126,"column":8},"end":{"line":130,"column":10}},"locations":[{"start":{"line":126,"column":8},"end":{"line":130,"column":10}}]},"6":{"type":"branch","line":20,"loc":{"start":{"line":20,"column":11},"end":{"line":22,"column":4}},"locations":[{"start":{"line":20,"column":11},"end":{"line":22,"column":4}}]},"7":{"type":"branch","line":24,"loc":{"start":{"line":24,"column":22},"end":{"line":29,"column":3}},"locations":[{"start":{"line":24,"column":22},"end":{"line":29,"column":3}}]}},"b":{"0":[478],"1":[2],"2":[476],"3":[2],"4":[2],"5":[476],"6":[19],"7":[1]},"fnMap":{"0":{"name":"Navbar","decl":{"start":{"line":15,"column":15},"end":{"line":137,"column":1}},"loc":{"start":{"line":15,"column":15},"end":{"line":137,"column":1}},"line":15},"1":{"name":"handleLogout","decl":{"start":{"line":24,"column":22},"end":{"line":29,"column":3}},"loc":{"start":{"line":24,"column":22},"end":{"line":29,"column":3}},"line":24}},"f":{"0":478,"1":1}}
}
